<?xml version="1.0" encoding="UTF-8"?>
<coverage generated="1773747225457" clover="3.2.0">
  <project timestamp="1773747225457" name="All files">
    <metrics statements="656" coveredstatements="565" conditionals="576" coveredconditionals="385" methods="103" coveredmethods="92" elements="1335" coveredelements="1042" complexity="0" loc="656" ncloc="656" packages="4" files="8" classes="8"/>
    <package name="rules">
      <metrics statements="6" coveredstatements="6" conditionals="0" coveredconditionals="0" methods="0" coveredmethods="0"/>
      <file name="dom-selectors.json" path="E:\darkscanner\rules\dom-selectors.json">
        <metrics statements="3" coveredstatements="3" conditionals="0" coveredconditionals="0" methods="0" coveredmethods="0"/>
        <line num="1" count="1" type="stmt"/>
        <line num="2" count="1" type="stmt"/>
        <line num="3" count="1" type="stmt"/>
      </file>
      <file name="fomo-keywords.json" path="E:\darkscanner\rules\fomo-keywords.json">
        <metrics statements="3" coveredstatements="3" conditionals="0" coveredconditionals="0" methods="0" coveredmethods="0"/>
        <line num="1" count="1" type="stmt"/>
        <line num="2" count="1" type="stmt"/>
        <line num="3" count="1" type="stmt"/>
      </file>
    </package>
    <package name="src.background">
      <metrics statements="50" coveredstatements="49" conditionals="40" coveredconditionals="36" methods="15" coveredmethods="15"/>
      <file name="network-sniffer.ts" path="E:\darkscanner\src\background\network-sniffer.ts">
        <metrics statements="44" coveredstatements="43" conditionals="38" coveredconditionals="34" methods="12" coveredmethods="12"/>
        <line num="18" count="1" type="stmt"/>
        <line num="19" count="1" type="stmt"/>
        <line num="22" count="1" type="stmt"/>
        <line num="27" count="1" type="stmt"/>
        <line num="32" count="1" type="stmt"/>
        <line num="35" count="242" type="stmt"/>
        <line num="40" count="20" type="stmt"/>
        <line num="41" count="20" type="cond" truecount="1" falsecount="1"/>
        <line num="42" count="20" type="stmt"/>
        <line num="43" count="20" type="cond" truecount="4" falsecount="0"/>
        <line num="44" count="2" type="cond" truecount="1" falsecount="1"/>
        <line num="46" count="2" type="stmt"/>
        <line num="47" count="2" type="cond" truecount="3" falsecount="1"/>
        <line num="50" count="0" type="stmt"/>
        <line num="55" count="23" type="stmt"/>
        <line num="57" count="23" type="stmt"/>
        <line num="60" count="28" type="stmt"/>
        <line num="61" count="28" type="stmt"/>
        <line num="62" count="28" type="stmt"/>
        <line num="64" count="28" type="cond" truecount="4" falsecount="0"/>
        <line num="66" count="7" type="cond" truecount="2" falsecount="0"/>
        <line num="67" count="8" type="stmt"/>
        <line num="68" count="7" type="stmt"/>
        <line num="72" count="28" type="stmt"/>
        <line num="73" count="28" type="stmt"/>
        <line num="85" count="28" type="stmt"/>
        <line num="86" count="120" type="stmt"/>
        <line num="88" count="28" type="cond" truecount="2" falsecount="0"/>
        <line num="90" count="20" type="stmt"/>
        <line num="91" count="20" type="cond" truecount="1" falsecount="1"/>
        <line num="93" count="20" type="stmt"/>
        <line num="95" count="20" type="cond" truecount="2" falsecount="0"/>
        <line num="97" count="12" type="stmt"/>
        <line num="102" count="12" type="stmt"/>
        <line num="105" count="8" type="stmt"/>
        <line num="106" count="8" type="cond" truecount="2" falsecount="0"/>
        <line num="109" count="5" type="stmt"/>
        <line num="133" count="4" type="stmt"/>
        <line num="135" count="4" type="stmt"/>
        <line num="161" count="8" type="stmt"/>
        <line num="162" count="8" type="cond" truecount="4" falsecount="0"/>
        <line num="164" count="4" type="stmt"/>
        <line num="181" count="3" type="stmt"/>
        <line num="182" count="3" type="stmt"/>
      </file>
      <file name="rule-engine.ts" path="E:\darkscanner\src\background\rule-engine.ts">
        <metrics statements="6" coveredstatements="6" conditionals="2" coveredconditionals="2" methods="3" coveredmethods="3"/>
        <line num="5" count="10" type="stmt"/>
        <line num="6" count="10" type="stmt"/>
        <line num="15" count="10" type="cond" truecount="2" falsecount="0"/>
        <line num="16" count="8" type="stmt"/>
        <line num="17" count="24" type="stmt"/>
        <line num="18" count="8" type="stmt"/>
      </file>
    </package>
    <package name="src.content">
      <metrics statements="551" coveredstatements="466" conditionals="493" coveredconditionals="322" methods="75" coveredmethods="64"/>
      <file name="dom-scanner.ts" path="E:\darkscanner\src\content\dom-scanner.ts">
        <metrics statements="551" coveredstatements="466" conditionals="493" coveredconditionals="322" methods="75" coveredmethods="64"/>
        <line num="15" count="1" type="stmt"/>
        <line num="17" count="675" type="stmt"/>
        <line num="20" count="990" type="cond" truecount="3" falsecount="1"/>
        <line num="26" count="1" type="stmt"/>
        <line num="27" count="1" type="stmt"/>
        <line num="30" count="1" type="stmt"/>
        <line num="31" count="1" type="stmt"/>
        <line num="33" count="1" type="stmt"/>
        <line num="35" count="1" type="stmt"/>
        <line num="38" count="1" type="stmt"/>
        <line num="54" count="5" type="stmt"/>
        <line num="55" count="5" type="stmt"/>
        <line num="56" count="6" type="cond" truecount="2" falsecount="0"/>
        <line num="58" count="5" type="cond" truecount="2" falsecount="0"/>
        <line num="61" count="4" type="stmt"/>
        <line num="62" count="0" type="cond" truecount="0" falsecount="2"/>
        <line num="66" count="4" type="stmt"/>
        <line num="67" count="4" type="cond" truecount="3" falsecount="1"/>
        <line num="68" count="4" type="cond" truecount="1" falsecount="1"/>
        <line num="72" count="0" type="cond" truecount="0" falsecount="2"/>
        <line num="75" count="0" type="cond" truecount="0" falsecount="2"/>
        <line num="76" count="0" type="stmt"/>
        <line num="80" count="0" type="stmt"/>
        <line num="81" count="0" type="stmt"/>
        <line num="82" count="0" type="stmt"/>
        <line num="83" count="0" type="cond" truecount="0" falsecount="5"/>
        <line num="86" count="0" type="cond" truecount="0" falsecount="2"/>
        <line num="88" count="0" type="stmt"/>
        <line num="92" count="1" type="stmt"/>
        <line num="96" count="1" type="stmt"/>
        <line num="98" count="1" type="stmt"/>
        <line num="105" count="1" type="stmt"/>
        <line num="108" count="1" type="stmt"/>
        <line num="109" count="1" type="stmt"/>
        <line num="112" count="1" type="stmt"/>
        <line num="118" count="1" type="stmt"/>
        <line num="125" count="1" type="stmt"/>
        <line num="127" count="1" type="stmt"/>
        <line num="131" count="1" type="stmt"/>
        <line num="133" count="1" type="stmt"/>
        <line num="135" count="1" type="stmt"/>
        <line num="138" count="1" type="stmt"/>
        <line num="145" count="1" type="stmt"/>
        <line num="146" count="1" type="stmt"/>
        <line num="147" count="1" type="stmt"/>
        <line num="151" count="1" type="stmt"/>
        <line num="161" count="1" type="stmt"/>
        <line num="167" count="1" type="stmt"/>
        <line num="168" count="1" type="stmt"/>
        <line num="172" count="1" type="stmt"/>
        <line num="177" count="1" type="stmt"/>
        <line num="180" count="75" type="stmt"/>
        <line num="181" count="75" type="stmt"/>
        <line num="184" count="75" type="stmt"/>
        <line num="185" count="75" type="stmt"/>
        <line num="186" count="75" type="stmt"/>
        <line num="187" count="75" type="stmt"/>
        <line num="191" count="75" type="stmt"/>
        <line num="192" count="75" type="stmt"/>
        <line num="194" count="75" type="stmt"/>
        <line num="195" count="75" type="stmt"/>
        <line num="196" count="75" type="stmt"/>
        <line num="197" count="75" type="stmt"/>
        <line num="198" count="75" type="stmt"/>
        <line num="199" count="75" type="stmt"/>
        <line num="200" count="75" type="stmt"/>
        <line num="201" count="75" type="stmt"/>
        <line num="202" count="75" type="stmt"/>
        <line num="203" count="75" type="stmt"/>
        <line num="204" count="75" type="stmt"/>
        <line num="205" count="75" type="stmt"/>
        <line num="206" count="75" type="stmt"/>
        <line num="207" count="75" type="stmt"/>
        <line num="209" count="75" type="stmt"/>
        <line num="218" count="75" type="stmt"/>
        <line num="220" count="75" type="stmt"/>
        <line num="227" count="75" type="stmt"/>
        <line num="228" count="75" type="stmt"/>
        <line num="230" count="75" type="stmt"/>
        <line num="235" count="75" type="stmt"/>
        <line num="236" count="75" type="stmt"/>
        <line num="238" count="75" type="stmt"/>
        <line num="239" count="1950" type="stmt"/>
        <line num="240" count="6" type="cond" truecount="2" falsecount="0"/>
        <line num="241" count="5" type="stmt"/>
        <line num="243" count="5" type="cond" truecount="1" falsecount="1"/>
        <line num="244" count="6" type="stmt"/>
        <line num="245" count="6" type="stmt"/>
        <line num="247" count="6" type="stmt"/>
        <line num="252" count="6" type="stmt"/>
        <line num="253" count="5" type="cond" truecount="2" falsecount="3"/>
        <line num="255" count="0" type="stmt"/>
        <line num="261" count="0" type="stmt"/>
        <line num="267" count="1" type="stmt"/>
        <line num="273" count="0" type="stmt"/>
        <line num="279" count="4" type="stmt"/>
        <line num="287" count="6" type="stmt"/>
        <line num="305" count="75" type="stmt"/>
        <line num="310" count="75" type="stmt"/>
        <line num="311" count="75" type="stmt"/>
        <line num="314" count="75" type="stmt"/>
        <line num="315" count="1800" type="stmt"/>
        <line num="316" count="8" type="cond" truecount="1" falsecount="1"/>
        <line num="317" count="8" type="stmt"/>
        <line num="319" count="8" type="cond" truecount="1" falsecount="1"/>
        <line num="320" count="8" type="cond" truecount="2" falsecount="0"/>
        <line num="322" count="56" type="stmt"/>
        <line num="323" count="7" type="stmt"/>
        <line num="327" count="7" type="cond" truecount="4" falsecount="0"/>
        <line num="328" count="2" type="stmt"/>
        <line num="329" count="2" type="stmt"/>
        <line num="332" count="5" type="cond" truecount="1" falsecount="1"/>
        <line num="334" count="8" type="stmt"/>
        <line num="353" count="75" type="stmt"/>
        <line num="354" count="75" type="stmt"/>
        <line num="357" count="75" type="cond" truecount="2" falsecount="0"/>
        <line num="358" count="107" type="cond" truecount="1" falsecount="1"/>
        <line num="359" count="2039" type="stmt"/>
        <line num="360" count="107" type="cond" truecount="2" falsecount="0"/>
        <line num="362" count="13" type="stmt"/>
        <line num="363" count="13" type="cond" truecount="1" falsecount="1"/>
        <line num="365" count="13" type="cond" truecount="4" falsecount="0"/>
        <line num="367" count="8" type="stmt"/>
        <line num="368" count="8" type="stmt"/>
        <line num="370" count="8" type="stmt"/>
        <line num="387" count="75" type="stmt"/>
        <line num="392" count="75" type="stmt"/>
        <line num="393" count="75" type="stmt"/>
        <line num="396" count="75" type="stmt"/>
        <line num="397" count="2" type="cond" truecount="2" falsecount="0"/>
        <line num="398" count="2" type="cond" truecount="2" falsecount="0"/>
        <line num="403" count="2" type="cond" truecount="4" falsecount="0"/>
        <line num="408" count="2" type="stmt"/>
        <line num="411" count="2" type="stmt"/>
        <line num="429" count="75" type="stmt"/>
        <line num="430" count="675" type="stmt"/>
        <line num="431" count="4" type="cond" truecount="4" falsecount="0"/>
        <line num="433" count="3" type="stmt"/>
        <line num="434" count="3" type="cond" truecount="4" falsecount="0"/>
        <line num="435" count="2" type="stmt"/>
        <line num="436" count="2" type="stmt"/>
        <line num="442" count="75" type="stmt"/>
        <line num="445" count="19" type="cond" truecount="5" falsecount="1"/>
        <line num="447" count="0" type="stmt"/>
        <line num="448" count="0" type="cond" truecount="0" falsecount="4"/>
        <line num="449" count="0" type="stmt"/>
        <line num="450" count="0" type="stmt"/>
        <line num="453" count="75" type="stmt"/>
        <line num="458" count="75" type="stmt"/>
        <line num="461" count="75" type="stmt"/>
        <line num="467" count="75" type="stmt"/>
        <line num="468" count="75" type="stmt"/>
        <line num="470" count="75" type="stmt"/>
        <line num="471" count="10" type="cond" truecount="1" falsecount="1"/>
        <line num="472" count="79" type="cond" truecount="2" falsecount="0"/>
        <line num="473" count="32" type="cond" truecount="2" falsecount="0"/>
        <line num="476" count="75" type="stmt"/>
        <line num="477" count="3" type="stmt"/>
        <line num="478" count="3" type="cond" truecount="1" falsecount="1"/>
        <line num="480" count="3" type="stmt"/>
        <line num="481" count="3" type="stmt"/>
        <line num="482" count="3" type="stmt"/>
        <line num="483" count="3" type="stmt"/>
        <line num="484" count="3" type="stmt"/>
        <line num="487" count="3" type="stmt"/>
        <line num="489" count="3" type="cond" truecount="2" falsecount="2"/>
        <line num="490" count="0" type="stmt"/>
        <line num="494" count="3" type="cond" truecount="2" falsecount="2"/>
        <line num="495" count="0" type="stmt"/>
        <line num="499" count="3" type="cond" truecount="2" falsecount="0"/>
        <line num="500" count="2" type="stmt"/>
        <line num="503" count="3" type="cond" truecount="2" falsecount="0"/>
        <line num="505" count="2" type="stmt"/>
        <line num="510" count="3" type="stmt"/>
        <line num="538" count="75" type="stmt"/>
        <line num="544" count="75" type="stmt"/>
        <line num="545" count="75" type="stmt"/>
        <line num="547" count="75" type="stmt"/>
        <line num="548" count="2250" type="stmt"/>
        <line num="549" count="5" type="cond" truecount="1" falsecount="1"/>
        <line num="550" count="5" type="stmt"/>
        <line num="553" count="5" type="stmt"/>
        <line num="554" count="5" type="cond" truecount="4" falsecount="0"/>
        <line num="557" count="4" type="stmt"/>
        <line num="558" count="25" type="cond" truecount="2" falsecount="0"/>
        <line num="559" count="1" type="stmt"/>
        <line num="560" count="1" type="stmt"/>
        <line num="563" count="3" type="cond" truecount="2" falsecount="0"/>
        <line num="564" count="5" type="cond" truecount="2" falsecount="0"/>
        <line num="565" count="5" type="cond" truecount="4" falsecount="0"/>
        <line num="567" count="2" type="stmt"/>
        <line num="569" count="2" type="stmt"/>
        <line num="588" count="75" type="stmt"/>
        <line num="603" count="4" type="stmt"/>
        <line num="604" count="2" type="stmt"/>
        <line num="605" count="2" type="stmt"/>
        <line num="606" count="2" type="cond" truecount="2" falsecount="2"/>
        <line num="608" count="2" type="stmt"/>
        <line num="611" count="4" type="stmt"/>
        <line num="612" count="4" type="stmt"/>
        <line num="613" count="4" type="stmt"/>
        <line num="614" count="4" type="cond" truecount="2" falsecount="0"/>
        <line num="615" count="4" type="cond" truecount="1" falsecount="1"/>
        <line num="616" count="4" type="cond" truecount="1" falsecount="1"/>
        <line num="617" count="4" type="stmt"/>
        <line num="618" count="5" type="cond" truecount="2" falsecount="0"/>
        <line num="621" count="4" type="stmt"/>
        <line num="627" count="75" type="stmt"/>
        <line num="628" count="75" type="stmt"/>
        <line num="630" count="75" type="stmt"/>
        <line num="633" count="75" type="stmt"/>
        <line num="634" count="107" type="cond" truecount="1" falsecount="1"/>
        <line num="635" count="1171" type="stmt"/>
        <line num="636" count="107" type="cond" truecount="2" falsecount="0"/>
        <line num="638" count="13" type="stmt"/>
        <line num="639" count="13" type="cond" truecount="3" falsecount="1"/>
        <line num="642" count="13" type="stmt"/>
        <line num="643" count="13" type="cond" truecount="2" falsecount="2"/>
        <line num="645" count="13" type="stmt"/>
        <line num="646" count="13" type="stmt"/>
        <line num="649" count="13" type="cond" truecount="2" falsecount="0"/>
        <line num="651" count="12" type="stmt"/>
        <line num="653" count="12" type="stmt"/>
        <line num="654" count="12" type="stmt"/>
        <line num="657" count="12" type="stmt"/>
        <line num="674" count="75" type="stmt"/>
        <line num="680" count="75" type="stmt"/>
        <line num="681" count="75" type="stmt"/>
        <line num="683" count="75" type="stmt"/>
        <line num="684" count="6" type="cond" truecount="1" falsecount="1"/>
        <line num="685" count="6" type="stmt"/>
        <line num="689" count="6" type="cond" truecount="2" falsecount="2"/>
        <line num="695" count="6" type="stmt"/>
        <line num="696" count="36" type="stmt"/>
        <line num="698" count="6" type="cond" truecount="2" falsecount="0"/>
        <line num="700" count="5" type="cond" truecount="1" falsecount="1"/>
        <line num="701" count="6" type="stmt"/>
        <line num="702" count="6" type="cond" truecount="2" falsecount="2"/>
        <line num="704" count="5" type="cond" truecount="1" falsecount="1"/>
        <line num="705" count="6" type="stmt"/>
        <line num="708" count="6" type="stmt"/>
        <line num="726" count="75" type="cond" truecount="1" falsecount="1"/>
        <line num="727" count="1425" type="stmt"/>
        <line num="731" count="75" type="stmt"/>
        <line num="733" count="75" type="stmt"/>
        <line num="734" count="75" type="cond" truecount="2" falsecount="0"/>
        <line num="735" count="107" type="cond" truecount="1" falsecount="1"/>
        <line num="736" count="107" type="cond" truecount="2" falsecount="0"/>
        <line num="737" count="6" type="stmt"/>
        <line num="738" count="6" type="cond" truecount="4" falsecount="0"/>
        <line num="739" count="5" type="stmt"/>
        <line num="740" count="5" type="stmt"/>
        <line num="743" count="75" type="stmt"/>
        <line num="749" count="75" type="stmt"/>
        <line num="750" count="75" type="stmt"/>
        <line num="752" count="75" type="stmt"/>
        <line num="755" count="75" type="stmt"/>
        <line num="756" count="107" type="cond" truecount="1" falsecount="1"/>
        <line num="757" count="827" type="stmt"/>
        <line num="758" count="107" type="cond" truecount="2" falsecount="0"/>
        <line num="760" count="5" type="stmt"/>
        <line num="761" count="5" type="cond" truecount="3" falsecount="1"/>
        <line num="762" count="5" type="stmt"/>
        <line num="766" count="5" type="cond" truecount="2" falsecount="0"/>
        <line num="768" count="107" type="cond" truecount="2" falsecount="0"/>
        <line num="770" count="4" type="stmt"/>
        <line num="771" count="4" type="stmt"/>
        <line num="772" count="4" type="stmt"/>
        <line num="773" count="4" type="stmt"/>
        <line num="774" count="4" type="stmt"/>
        <line num="776" count="4" type="stmt"/>
        <line num="777" count="4" type="cond" truecount="4" falsecount="0"/>
        <line num="778" count="3" type="stmt"/>
        <line num="780" count="4" type="cond" truecount="2" falsecount="0"/>
        <line num="781" count="2" type="stmt"/>
        <line num="783" count="4" type="cond" truecount="1" falsecount="1"/>
        <line num="784" count="0" type="stmt"/>
        <line num="786" count="4" type="cond" truecount="1" falsecount="1"/>
        <line num="788" count="4" type="stmt"/>
        <line num="791" count="4" type="stmt"/>
        <line num="808" count="75" type="stmt"/>
        <line num="814" count="75" type="stmt"/>
        <line num="815" count="75" type="stmt"/>
        <line num="817" count="75" type="stmt"/>
        <line num="819" count="75" type="stmt"/>
        <line num="821" count="75" type="cond" truecount="2" falsecount="0"/>
        <line num="822" count="107" type="cond" truecount="1" falsecount="1"/>
        <line num="823" count="1046" type="stmt"/>
        <line num="824" count="107" type="cond" truecount="2" falsecount="0"/>
        <line num="826" count="4" type="stmt"/>
        <line num="827" count="4" type="cond" truecount="3" falsecount="1"/>
        <line num="828" count="4" type="stmt"/>
        <line num="831" count="4" type="stmt"/>
        <line num="835" count="4" type="cond" truecount="2" falsecount="0"/>
        <line num="836" count="3" type="stmt"/>
        <line num="838" count="3" type="stmt"/>
        <line num="841" count="3" type="stmt"/>
        <line num="858" count="75" type="stmt"/>
        <line num="864" count="75" type="stmt"/>
        <line num="865" count="75" type="stmt"/>
        <line num="867" count="75" type="cond" truecount="1" falsecount="1"/>
        <line num="868" count="1275" type="stmt"/>
        <line num="869" count="7" type="cond" truecount="1" falsecount="1"/>
        <line num="870" count="7" type="stmt"/>
        <line num="873" count="7" type="stmt"/>
        <line num="874" count="7" type="cond" truecount="4" falsecount="0"/>
        <line num="876" count="6" type="cond" truecount="1" falsecount="1"/>
        <line num="877" count="39" type="stmt"/>
        <line num="878" count="86" type="stmt"/>
        <line num="880" count="7" type="cond" truecount="4" falsecount="0"/>
        <line num="882" count="3" type="stmt"/>
        <line num="885" count="3" type="stmt"/>
        <line num="903" count="75" type="stmt"/>
        <line num="909" count="75" type="stmt"/>
        <line num="910" count="75" type="stmt"/>
        <line num="913" count="75" type="cond" truecount="1" falsecount="1"/>
        <line num="914" count="675" type="stmt"/>
        <line num="915" count="2" type="cond" truecount="1" falsecount="1"/>
        <line num="917" count="2" type="stmt"/>
        <line num="918" count="2" type="cond" truecount="2" falsecount="2"/>
        <line num="921" count="2" type="cond" truecount="1" falsecount="1"/>
        <line num="922" count="2" type="cond" truecount="1" falsecount="1"/>
        <line num="923" count="2" type="cond" truecount="1" falsecount="1"/>
        <line num="925" count="2" type="cond" truecount="1" falsecount="1"/>
        <line num="926" count="4" type="stmt"/>
        <line num="927" count="2" type="cond" truecount="1" falsecount="1"/>
        <line num="929" count="2" type="stmt"/>
        <line num="930" count="2" type="stmt"/>
        <line num="933" count="2" type="stmt"/>
        <line num="952" count="75" type="stmt"/>
        <line num="954" count="75" type="stmt"/>
        <line num="956" count="75" type="cond" truecount="2" falsecount="0"/>
        <line num="957" count="107" type="cond" truecount="1" falsecount="1"/>
        <line num="958" count="725" type="stmt"/>
        <line num="959" count="107" type="cond" truecount="2" falsecount="0"/>
        <line num="961" count="4" type="stmt"/>
        <line num="962" count="4" type="cond" truecount="4" falsecount="0"/>
        <line num="965" count="2" type="cond" truecount="2" falsecount="0"/>
        <line num="966" count="1" type="stmt"/>
        <line num="967" count="1" type="cond" truecount="1" falsecount="1"/>
        <line num="969" count="1" type="cond" truecount="1" falsecount="1"/>
        <line num="970" count="107" type="stmt"/>
        <line num="971" count="107" type="cond" truecount="1" falsecount="1"/>
        <line num="973" count="1" type="stmt"/>
        <line num="974" count="1" type="stmt"/>
        <line num="976" count="1" type="stmt"/>
        <line num="979" count="1" type="stmt"/>
        <line num="996" count="75" type="stmt"/>
        <line num="1002" count="75" type="stmt"/>
        <line num="1003" count="75" type="stmt"/>
        <line num="1006" count="75" type="cond" truecount="1" falsecount="1"/>
        <line num="1007" count="1200" type="stmt"/>
        <line num="1008" count="0" type="cond" truecount="0" falsecount="2"/>
        <line num="1009" count="0" type="cond" truecount="0" falsecount="2"/>
        <line num="1010" count="0" type="stmt"/>
        <line num="1011" count="0" type="cond" truecount="0" falsecount="2"/>
        <line num="1013" count="0" type="cond" truecount="0" falsecount="2"/>
        <line num="1015" count="0" type="stmt"/>
        <line num="1016" count="0" type="stmt"/>
        <line num="1017" count="0" type="stmt"/>
        <line num="1020" count="0" type="stmt"/>
        <line num="1044" count="75" type="stmt"/>
        <line num="1046" count="75" type="stmt"/>
        <line num="1048" count="75" type="stmt"/>
        <line num="1049" count="107" type="cond" truecount="1" falsecount="1"/>
        <line num="1050" count="2175" type="stmt"/>
        <line num="1051" count="107" type="cond" truecount="2" falsecount="0"/>
        <line num="1052" count="5" type="stmt"/>
        <line num="1053" count="5" type="cond" truecount="1" falsecount="1"/>
        <line num="1054" count="5" type="stmt"/>
        <line num="1056" count="5" type="cond" truecount="4" falsecount="0"/>
        <line num="1060" count="107" type="cond" truecount="2" falsecount="0"/>
        <line num="1064" count="75" type="stmt"/>
        <line num="1066" count="75" type="stmt"/>
        <line num="1068" count="75" type="cond" truecount="2" falsecount="0"/>
        <line num="1069" count="107" type="cond" truecount="1" falsecount="1"/>
        <line num="1070" count="2175" type="stmt"/>
        <line num="1071" count="107" type="cond" truecount="2" falsecount="0"/>
        <line num="1073" count="5" type="stmt"/>
        <line num="1074" count="5" type="cond" truecount="3" falsecount="1"/>
        <line num="1076" count="5" type="stmt"/>
        <line num="1078" count="5" type="cond" truecount="3" falsecount="0"/>
        <line num="1081" count="107" type="stmt"/>
        <line num="1082" count="107" type="cond" truecount="2" falsecount="0"/>
        <line num="1084" count="107" type="cond" truecount="4" falsecount="0"/>
        <line num="1088" count="3" type="cond" truecount="3" falsecount="1"/>
        <line num="1089" count="0" type="stmt"/>
        <line num="1091" count="0" type="stmt"/>
        <line num="1094" count="3" type="stmt"/>
        <line num="1095" count="3" type="stmt"/>
        <line num="1097" count="3" type="cond" truecount="2" falsecount="0"/>
        <line num="1098" count="107" type="stmt"/>
        <line num="1101" count="107" type="stmt"/>
        <line num="1118" count="75" type="stmt"/>
        <line num="1125" count="75" type="stmt"/>
        <line num="1126" count="75" type="stmt"/>
        <line num="1129" count="75" type="cond" truecount="1" falsecount="1"/>
        <line num="1130" count="1875" type="stmt"/>
        <line num="1131" count="0" type="cond" truecount="0" falsecount="2"/>
        <line num="1132" count="0" type="stmt"/>
        <line num="1133" count="0" type="cond" truecount="0" falsecount="4"/>
        <line num="1136" count="0" type="cond" truecount="0" falsecount="2"/>
        <line num="1138" count="0" type="cond" truecount="0" falsecount="2"/>
        <line num="1139" count="0" type="cond" truecount="0" falsecount="4"/>
        <line num="1141" count="0" type="stmt"/>
        <line num="1142" count="0" type="stmt"/>
        <line num="1143" count="0" type="stmt"/>
        <line num="1145" count="0" type="stmt"/>
        <line num="1165" count="75" type="stmt"/>
        <line num="1167" count="75" type="stmt"/>
        <line num="1169" count="75" type="cond" truecount="2" falsecount="0"/>
        <line num="1170" count="107" type="stmt"/>
        <line num="1171" count="107" type="cond" truecount="3" falsecount="1"/>
        <line num="1175" count="107" type="cond" truecount="1" falsecount="1"/>
        <line num="1177" count="107" type="cond" truecount="2" falsecount="0"/>
        <line num="1178" count="106" type="stmt"/>
        <line num="1179" count="106" type="cond" truecount="2" falsecount="0"/>
        <line num="1180" count="107" type="cond" truecount="2" falsecount="0"/>
        <line num="1181" count="107" type="cond" truecount="2" falsecount="0"/>
        <line num="1183" count="4" type="stmt"/>
        <line num="1184" count="4" type="cond" truecount="4" falsecount="0"/>
        <line num="1187" count="3" type="stmt"/>
        <line num="1188" count="3" type="stmt"/>
        <line num="1189" count="0" type="cond" truecount="0" falsecount="4"/>
        <line num="1190" count="0" type="stmt"/>
        <line num="1191" count="0" type="stmt"/>
        <line num="1194" count="3" type="cond" truecount="1" falsecount="1"/>
        <line num="1196" count="3" type="stmt"/>
        <line num="1197" count="3" type="stmt"/>
        <line num="1200" count="3" type="stmt"/>
        <line num="1201" count="3" type="stmt"/>
        <line num="1202" count="3" type="stmt"/>
        <line num="1204" count="3" type="stmt"/>
        <line num="1221" count="75" type="stmt"/>
        <line num="1227" count="75" type="stmt"/>
        <line num="1228" count="75" type="stmt"/>
        <line num="1231" count="75" type="cond" truecount="1" falsecount="1"/>
        <line num="1232" count="1350" type="stmt"/>
        <line num="1233" count="4" type="cond" truecount="2" falsecount="0"/>
        <line num="1235" count="3" type="stmt"/>
        <line num="1236" count="3" type="cond" truecount="2" falsecount="2"/>
        <line num="1239" count="3" type="stmt"/>
        <line num="1240" count="3" type="stmt"/>
        <line num="1241" count="3" type="cond" truecount="2" falsecount="0"/>
        <line num="1243" count="2" type="stmt"/>
        <line num="1244" count="2" type="stmt"/>
        <line num="1247" count="2" type="stmt"/>
        <line num="1266" count="75" type="stmt"/>
        <line num="1271" count="7" type="stmt"/>
        <line num="1272" count="7" type="cond" truecount="2" falsecount="0"/>
        <line num="1275" count="75" type="stmt"/>
        <line num="1276" count="6" type="cond" truecount="1" falsecount="1"/>
        <line num="1278" count="6" type="stmt"/>
        <line num="1279" count="6" type="cond" truecount="2" falsecount="0"/>
        <line num="1281" count="1" type="cond" truecount="1" falsecount="1"/>
        <line num="1282" count="6" type="stmt"/>
        <line num="1283" count="6" type="cond" truecount="1" falsecount="1"/>
        <line num="1285" count="1" type="stmt"/>
        <line num="1286" count="1" type="stmt"/>
        <line num="1289" count="1" type="stmt"/>
        <line num="1306" count="75" type="stmt"/>
        <line num="1320" count="75" type="stmt"/>
        <line num="1321" count="75" type="stmt"/>
        <line num="1323" count="75" type="stmt"/>
        <line num="1324" count="63" type="cond" truecount="1" falsecount="1"/>
        <line num="1325" count="0" type="stmt"/>
        <line num="1326" count="0" type="stmt"/>
        <line num="1328" count="63" type="stmt"/>
        <line num="1329" count="63" type="cond" truecount="1" falsecount="1"/>
        <line num="1330" count="63" type="stmt"/>
        <line num="1332" count="0" type="stmt"/>
        <line num="1336" count="75" type="stmt"/>
        <line num="1338" count="75" type="stmt"/>
        <line num="1339" count="63" type="stmt"/>
        <line num="1340" count="63" type="stmt"/>
        <line num="1342" count="63" type="stmt"/>
        <line num="1343" count="63" type="stmt"/>
        <line num="1345" count="63" type="stmt"/>
        <line num="1346" count="79" type="cond" truecount="2" falsecount="0"/>
        <line num="1347" count="16" type="stmt"/>
        <line num="1348" count="16" type="cond" truecount="2" falsecount="2"/>
        <line num="1351" count="0" type="cond" truecount="0" falsecount="2"/>
        <line num="1354" count="0" type="cond" truecount="0" falsecount="2"/>
        <line num="1355" count="0" type="stmt"/>
        <line num="1356" count="0" type="stmt"/>
        <line num="1358" count="0" type="cond" truecount="0" falsecount="5"/>
        <line num="1359" count="0" type="stmt"/>
        <line num="1360" count="0" type="stmt"/>
        <line num="1365" count="63" type="cond" truecount="1" falsecount="1"/>
        <line num="1368" count="75" type="stmt"/>
        <line num="1369" count="75" type="stmt"/>
        <line num="1370" count="75" type="cond" truecount="1" falsecount="1"/>
        <line num="1371" count="0" type="stmt"/>
        <line num="1374" count="75" type="stmt"/>
        <line num="1382" count="0" type="stmt"/>
        <line num="1383" count="0" type="cond" truecount="0" falsecount="2"/>
        <line num="1384" count="0" type="cond" truecount="0" falsecount="2"/>
        <line num="1386" count="0" type="stmt"/>
        <line num="1387" count="0" type="stmt"/>
        <line num="1388" count="0" type="cond" truecount="0" falsecount="2"/>
        <line num="1389" count="0" type="cond" truecount="0" falsecount="2"/>
        <line num="1391" count="0" type="stmt"/>
        <line num="1396" count="63" type="stmt"/>
        <line num="1397" count="63" type="stmt"/>
        <line num="1400" count="63" type="stmt"/>
        <line num="1402" count="0" type="stmt"/>
        <line num="1413" count="3" type="stmt"/>
        <line num="1414" count="3" type="cond" truecount="2" falsecount="0"/>
        <line num="1415" count="3" type="stmt"/>
        <line num="1416" count="3" type="cond" truecount="1" falsecount="1"/>
        <line num="1418" count="0" type="stmt"/>
        <line num="1422" count="0" type="stmt"/>
        <line num="1423" count="0" type="stmt"/>
        <line num="1424" count="0" type="stmt"/>
        <line num="1426" count="0" type="stmt"/>
        <line num="1427" count="0" type="stmt"/>
        <line num="1428" count="0" type="stmt"/>
        <line num="1429" count="0" type="stmt"/>
        <line num="1430" count="0" type="stmt"/>
        <line num="1431" count="0" type="cond" truecount="0" falsecount="4"/>
        <line num="1432" count="0" type="stmt"/>
        <line num="1433" count="0" type="stmt"/>
        <line num="1437" count="0" type="stmt"/>
        <line num="1442" count="2" type="cond" truecount="2" falsecount="0"/>
        <line num="1443" count="1" type="stmt"/>
        <line num="1444" count="1" type="cond" truecount="1" falsecount="1"/>
        <line num="1446" count="1" type="cond" truecount="2" falsecount="0"/>
        <line num="1461" count="75" type="stmt"/>
        <line num="1462" count="75" type="cond" truecount="3" falsecount="1"/>
        <line num="1464" count="75" type="stmt"/>
        <line num="1465" count="75" type="stmt"/>
        <line num="1466" count="75" type="stmt"/>
        <line num="1467" count="0" type="cond" truecount="0" falsecount="2"/>
        <line num="1468" count="0" type="stmt"/>
        <line num="1471" count="75" type="stmt"/>
        <line num="1473" count="0" type="stmt"/>
        <line num="1474" count="0" type="stmt"/>
        <line num="1476" count="0" type="cond" truecount="0" falsecount="5"/>
        <line num="1477" count="0" type="stmt"/>
        <line num="1486" count="75" type="stmt"/>
        <line num="1488" count="5550" type="cond" truecount="2" falsecount="0"/>
        <line num="1490" count="5550" type="cond" truecount="1" falsecount="1"/>
        <line num="1493" count="5550" type="stmt"/>
        <line num="1495" count="5550" type="stmt"/>
        <line num="1497" count="75" type="stmt"/>
        <line num="1507" count="75" type="stmt"/>
        <line num="1508" count="75" type="stmt"/>
        <line num="1509" count="0" type="stmt"/>
        <line num="1510" count="0" type="stmt"/>
        <line num="1512" count="75" type="stmt"/>
        <line num="1516" count="75" type="stmt"/>
      </file>
    </package>
    <package name="src.utils">
      <metrics statements="49" coveredstatements="44" conditionals="43" coveredconditionals="27" methods="13" coveredmethods="13"/>
      <file name="debug-logger.ts" path="E:\darkscanner\src\utils\debug-logger.ts">
        <metrics statements="13" coveredstatements="8" conditionals="23" coveredconditionals="10" methods="5" coveredmethods="5"/>
        <line num="3" count="1" type="stmt"/>
        <line num="5" count="1" type="stmt"/>
        <line num="8" count="1" type="stmt"/>
        <line num="10" count="75" type="cond" truecount="2" falsecount="3"/>
        <line num="11" count="0" type="stmt"/>
        <line num="15" count="75" type="cond" truecount="2" falsecount="3"/>
        <line num="16" count="0" type="stmt"/>
        <line num="20" count="5681" type="cond" truecount="2" falsecount="2"/>
        <line num="21" count="0" type="stmt"/>
        <line num="25" count="2" type="cond" truecount="2" falsecount="2"/>
        <line num="26" count="0" type="stmt"/>
        <line num="30" count="75" type="cond" truecount="2" falsecount="3"/>
        <line num="31" count="0" type="stmt"/>
      </file>
      <file name="element.ts" path="E:\darkscanner\src\utils\element.ts">
        <metrics statements="35" coveredstatements="35" conditionals="20" coveredconditionals="17" methods="7" coveredmethods="7"/>
        <line num="7" count="30" type="stmt"/>
        <line num="8" count="30" type="cond" truecount="1" falsecount="1"/>
        <line num="9" count="30" type="stmt"/>
        <line num="19" count="36" type="stmt"/>
        <line num="20" count="36" type="cond" truecount="2" falsecount="0"/>
        <line num="25" count="12" type="stmt"/>
        <line num="34" count="6" type="stmt"/>
        <line num="35" count="6" type="stmt"/>
        <line num="36" count="24" type="stmt"/>
        <line num="37" count="24" type="cond" truecount="3" falsecount="1"/>
        <line num="38" count="24" type="stmt"/>
        <line num="40" count="6" type="stmt"/>
        <line num="48" count="6" type="stmt"/>
        <line num="49" count="6" type="cond" truecount="1" falsecount="1"/>
        <line num="51" count="6" type="stmt"/>
        <line num="52" count="6" type="stmt"/>
        <line num="53" count="6" type="stmt"/>
        <line num="55" count="6" type="stmt"/>
        <line num="56" count="6" type="stmt"/>
        <line num="57" count="6" type="stmt"/>
        <line num="63" count="63" type="stmt"/>
        <line num="64" count="63" type="stmt"/>
        <line num="77" count="63" type="cond" truecount="2" falsecount="0"/>
        <line num="79" count="61" type="stmt"/>
        <line num="80" count="61" type="stmt"/>
        <line num="82" count="61" type="cond" truecount="2" falsecount="0"/>
        <line num="83" count="196" type="stmt"/>
        <line num="84" count="196" type="stmt"/>
        <line num="85" count="196" type="stmt"/>
        <line num="86" count="66" type="cond" truecount="2" falsecount="0"/>
        <line num="87" count="66" type="stmt"/>
        <line num="89" count="196" type="stmt"/>
        <line num="90" count="196" type="cond" truecount="2" falsecount="0"/>
        <line num="91" count="196" type="stmt"/>
        <line num="94" count="61" type="stmt"/>
      </file>
      <file name="id.ts" path="E:\darkscanner\src\utils\id.ts">
        <metrics statements="1" coveredstatements="1" conditionals="0" coveredconditionals="0" methods="1" coveredmethods="1"/>
        <line num="2" count="76" type="stmt"/>
      </file>
    </package>
  </project>
</coverage>
