{"E:\\darkscanner\\rules\\dom-selectors.json": {"path":"E:\\darkscanner\\rules\\dom-selectors.json","statementMap":{"0":{"start":{"line":1,"column":23},"end":{"line":1,"column":30}},"1":{"start":{"line":2,"column":25},"end":{"line":2,"column":79}},"2":{"start":{"line":3,"column":25},"end":{"line":3,"column":5534}}},"fnMap":{},"branchMap":{},"s":{"0":1,"1":1,"2":1},"f":{},"b":{},"meta":{"lastBranch":0,"lastFunction":0,"lastStatement":3,"seen":{"s:1:23:1:30":0,"s:2:25:2:79":1,"s:3:25:3:5534":2}}}
,"E:\\darkscanner\\rules\\fomo-keywords.json": {"path":"E:\\darkscanner\\rules\\fomo-keywords.json","statementMap":{"0":{"start":{"line":1,"column":23},"end":{"line":1,"column":30}},"1":{"start":{"line":2,"column":25},"end":{"line":2,"column":93}},"2":{"start":{"line":3,"column":24},"end":{"line":3,"column":243}}},"fnMap":{},"branchMap":{},"s":{"0":1,"1":1,"2":1},"f":{},"b":{},"meta":{"lastBranch":0,"lastFunction":0,"lastStatement":3,"seen":{"s:1:23:1:30":0,"s:2:25:2:93":1,"s:3:24:3:243":2}}}
,"E:\\darkscanner\\src\\background\\network-sniffer.ts": {"path":"E:\\darkscanner\\src\\background\\network-sniffer.ts","statementMap":{"0":{"start":{"line":18,"column":28},"end":{"line":18,"column":null}},"1":{"start":{"line":19,"column":28},"end":{"line":19,"column":null}},"2":{"start":{"line":22,"column":27},"end":{"line":25,"column":null}},"3":{"start":{"line":27,"column":30},"end":{"line":30,"column":null}},"4":{"start":{"line":32,"column":29},"end":{"line":32,"column":null}},"5":{"start":{"line":35,"column":2},"end":{"line":35,"column":null}},"6":{"start":{"line":35,"column":30},"end":{"line":35,"column":59}},"7":{"start":{"line":40,"column":2},"end":{"line":47,"column":null}},"8":{"start":{"line":41,"column":4},"end":{"line":41,"column":null}},"9":{"start":{"line":41,"column":46},"end":{"line":41,"column":null}},"10":{"start":{"line":42,"column":16},"end":{"line":42,"column":null}},"11":{"start":{"line":43,"column":4},"end":{"line":43,"column":null}},"12":{"start":{"line":43,"column":44},"end":{"line":43,"column":null}},"13":{"start":{"line":44,"column":4},"end":{"line":47,"column":null}},"14":{"start":{"line":46,"column":21},"end":{"line":46,"column":60}},"15":{"start":{"line":47,"column":6},"end":{"line":47,"column":null}},"16":{"start":{"line":47,"column":40},"end":{"line":47,"column":null}},"17":{"start":{"line":50,"column":2},"end":{"line":50,"column":null}},"18":{"start":{"line":55,"column":32},"end":{"line":55,"column":62}},"19":{"start":{"line":57,"column":22},"end":{"line":57,"column":55}},"20":{"start":{"line":60,"column":17},"end":{"line":60,"column":42}},"21":{"start":{"line":61,"column":23},"end":{"line":61,"column":77}},"22":{"start":{"line":61,"column":42},"end":{"line":61,"column":76}},"23":{"start":{"line":62,"column":23},"end":{"line":62,"column":76}},"24":{"start":{"line":62,"column":42},"end":{"line":62,"column":75}},"25":{"start":{"line":64,"column":4},"end":{"line":68,"column":null}},"26":{"start":{"line":66,"column":24},"end":{"line":66,"column":80}},"27":{"start":{"line":67,"column":6},"end":{"line":67,"column":null}},"28":{"start":{"line":67,"column":51},"end":{"line":67,"column":67}},"29":{"start":{"line":68,"column":6},"end":{"line":68,"column":null}},"30":{"start":{"line":72,"column":26},"end":{"line":72,"column":63}},"31":{"start":{"line":73,"column":4},"end":{"line":73,"column":null}},"32":{"start":{"line":85,"column":23},"end":{"line":86,"column":null}},"33":{"start":{"line":86,"column":6},"end":{"line":86,"column":43}},"34":{"start":{"line":88,"column":4},"end":{"line":88,"column":null}},"35":{"start":{"line":88,"column":21},"end":{"line":88,"column":null}},"36":{"start":{"line":90,"column":25},"end":{"line":90,"column":51}},"37":{"start":{"line":91,"column":4},"end":{"line":91,"column":null}},"38":{"start":{"line":91,"column":31},"end":{"line":91,"column":null}},"39":{"start":{"line":93,"column":21},"end":{"line":93,"column":46}},"40":{"start":{"line":95,"column":4},"end":{"line":102,"column":null}},"41":{"start":{"line":97,"column":6},"end":{"line":101,"column":null}},"42":{"start":{"line":102,"column":6},"end":{"line":102,"column":null}},"43":{"start":{"line":105,"column":10},"end":{"line":105,"column":null}},"44":{"start":{"line":106,"column":4},"end":{"line":106,"column":null}},"45":{"start":{"line":106,"column":42},"end":{"line":106,"column":null}},"46":{"start":{"line":109,"column":4},"end":{"line":129,"column":null}},"47":{"start":{"line":133,"column":25},"end":{"line":133,"column":null}},"48":{"start":{"line":135,"column":4},"end":{"line":153,"column":null}},"49":{"start":{"line":161,"column":22},"end":{"line":161,"column":57}},"50":{"start":{"line":162,"column":4},"end":{"line":162,"column":null}},"51":{"start":{"line":162,"column":41},"end":{"line":162,"column":null}},"52":{"start":{"line":164,"column":4},"end":{"line":177,"column":null}},"53":{"start":{"line":181,"column":4},"end":{"line":181,"column":null}},"54":{"start":{"line":182,"column":4},"end":{"line":182,"column":null}}},"fnMap":{"0":{"name":"matchesAny","decl":{"start":{"line":34,"column":9},"end":{"line":34,"column":20}},"loc":{"start":{"line":34,"column":62},"end":{"line":35,"column":null}},"line":34},"1":{"name":"(anonymous_1)","decl":{"start":{"line":35,"column":18},"end":{"line":35,"column":24}},"loc":{"start":{"line":35,"column":30},"end":{"line":35,"column":59}},"line":35},"2":{"name":"extractPrice","decl":{"start":{"line":39,"column":9},"end":{"line":39,"column":22}},"loc":{"start":{"line":39,"column":68},"end":{"line":50,"column":null}},"line":39},"3":{"name":"(anonymous_3)","decl":{"start":{"line":59,"column":2},"end":{"line":59,"column":20}},"loc":{"start":{"line":59,"column":97},"end":{"line":73,"column":null}},"line":59},"4":{"name":"(anonymous_4)","decl":{"start":{"line":61,"column":28},"end":{"line":61,"column":36}},"loc":{"start":{"line":61,"column":42},"end":{"line":61,"column":76}},"line":61},"5":{"name":"(anonymous_5)","decl":{"start":{"line":62,"column":28},"end":{"line":62,"column":36}},"loc":{"start":{"line":62,"column":42},"end":{"line":62,"column":75}},"line":62},"6":{"name":"(anonymous_6)","decl":{"start":{"line":67,"column":36},"end":{"line":67,"column":45}},"loc":{"start":{"line":67,"column":51},"end":{"line":67,"column":67}},"line":67},"7":{"name":"(anonymous_7)","decl":{"start":{"line":80,"column":2},"end":{"line":80,"column":10}},"loc":{"start":{"line":83,"column":33},"end":{"line":129,"column":null}},"line":83},"8":{"name":"(anonymous_8)","decl":{"start":{"line":85,"column":45},"end":{"line":85,"column":51}},"loc":{"start":{"line":86,"column":6},"end":{"line":86,"column":43}},"line":86},"9":{"name":"(anonymous_9)","decl":{"start":{"line":132,"column":2},"end":{"line":132,"column":18}},"loc":{"start":{"line":132,"column":71},"end":{"line":153,"column":null}},"line":132},"10":{"name":"(anonymous_10)","decl":{"start":{"line":160,"column":2},"end":{"line":160,"column":30}},"loc":{"start":{"line":160,"column":74},"end":{"line":177,"column":null}},"line":160},"11":{"name":"(anonymous_11)","decl":{"start":{"line":180,"column":2},"end":{"line":180,"column":11}},"loc":{"start":{"line":180,"column":32},"end":{"line":182,"column":null}},"line":180}},"branchMap":{"0":{"loc":{"start":{"line":41,"column":4},"end":{"line":41,"column":null}},"type":"if","locations":[{"start":{"line":41,"column":4},"end":{"line":41,"column":null}},{"start":{},"end":{}}],"line":41},"1":{"loc":{"start":{"line":43,"column":4},"end":{"line":43,"column":null}},"type":"if","locations":[{"start":{"line":43,"column":4},"end":{"line":43,"column":null}},{"start":{},"end":{}}],"line":43},"2":{"loc":{"start":{"line":43,"column":8},"end":{"line":43,"column":44}},"type":"binary-expr","locations":[{"start":{"line":43,"column":8},"end":{"line":43,"column":35}},{"start":{"line":43,"column":35},"end":{"line":43,"column":44}}],"line":43},"3":{"loc":{"start":{"line":44,"column":4},"end":{"line":47,"column":null}},"type":"if","locations":[{"start":{"line":44,"column":4},"end":{"line":47,"column":null}},{"start":{},"end":{}}],"line":44},"4":{"loc":{"start":{"line":47,"column":6},"end":{"line":47,"column":null}},"type":"if","locations":[{"start":{"line":47,"column":6},"end":{"line":47,"column":null}},{"start":{},"end":{}}],"line":47},"5":{"loc":{"start":{"line":47,"column":10},"end":{"line":47,"column":40}},"type":"binary-expr","locations":[{"start":{"line":47,"column":10},"end":{"line":47,"column":24}},{"start":{"line":47,"column":28},"end":{"line":47,"column":40}}],"line":47},"6":{"loc":{"start":{"line":64,"column":4},"end":{"line":68,"column":null}},"type":"if","locations":[{"start":{"line":64,"column":4},"end":{"line":68,"column":null}},{"start":{},"end":{}}],"line":64},"7":{"loc":{"start":{"line":64,"column":8},"end":{"line":64,"column":55}},"type":"binary-expr","locations":[{"start":{"line":64,"column":8},"end":{"line":64,"column":33}},{"start":{"line":64,"column":33},"end":{"line":64,"column":55}}],"line":64},"8":{"loc":{"start":{"line":66,"column":24},"end":{"line":66,"column":80}},"type":"binary-expr","locations":[{"start":{"line":66,"column":24},"end":{"line":66,"column":59}},{"start":{"line":66,"column":63},"end":{"line":66,"column":80}}],"line":66},"9":{"loc":{"start":{"line":88,"column":4},"end":{"line":88,"column":null}},"type":"if","locations":[{"start":{"line":88,"column":4},"end":{"line":88,"column":null}},{"start":{},"end":{}}],"line":88},"10":{"loc":{"start":{"line":91,"column":4},"end":{"line":91,"column":null}},"type":"if","locations":[{"start":{"line":91,"column":4},"end":{"line":91,"column":null}},{"start":{},"end":{}}],"line":91},"11":{"loc":{"start":{"line":95,"column":4},"end":{"line":102,"column":null}},"type":"if","locations":[{"start":{"line":95,"column":4},"end":{"line":102,"column":null}},{"start":{},"end":{}}],"line":95},"12":{"loc":{"start":{"line":106,"column":4},"end":{"line":106,"column":null}},"type":"if","locations":[{"start":{"line":106,"column":4},"end":{"line":106,"column":null}},{"start":{},"end":{}}],"line":106},"13":{"loc":{"start":{"line":113,"column":16},"end":{"line":113,"column":null}},"type":"cond-expr","locations":[{"start":{"line":113,"column":34},"end":{"line":113,"column":43}},{"start":{"line":113,"column":43},"end":{"line":113,"column":null}}],"line":113},"14":{"loc":{"start":{"line":137,"column":17},"end":{"line":137,"column":null}},"type":"cond-expr","locations":[{"start":{"line":137,"column":32},"end":{"line":137,"column":37}},{"start":{"line":137,"column":37},"end":{"line":137,"column":null}}],"line":137},"15":{"loc":{"start":{"line":138,"column":21},"end":{"line":138,"column":null}},"type":"cond-expr","locations":[{"start":{"line":138,"column":36},"end":{"line":138,"column":48}},{"start":{"line":138,"column":48},"end":{"line":138,"column":null}}],"line":138},"16":{"loc":{"start":{"line":142,"column":19},"end":{"line":144,"column":null}},"type":"cond-expr","locations":[{"start":{"line":143,"column":10},"end":{"line":143,"column":null}},{"start":{"line":144,"column":10},"end":{"line":144,"column":null}}],"line":142},"17":{"loc":{"start":{"line":162,"column":4},"end":{"line":162,"column":null}},"type":"if","locations":[{"start":{"line":162,"column":4},"end":{"line":162,"column":null}},{"start":{},"end":{}}],"line":162},"18":{"loc":{"start":{"line":162,"column":8},"end":{"line":162,"column":41}},"type":"binary-expr","locations":[{"start":{"line":162,"column":8},"end":{"line":162,"column":21}},{"start":{"line":162,"column":21},"end":{"line":162,"column":41}}],"line":162}},"s":{"0":1,"1":1,"2":1,"3":1,"4":1,"5":76,"6":242,"7":20,"8":20,"9":0,"10":20,"11":20,"12":18,"13":2,"14":2,"15":2,"16":2,"17":0,"18":23,"19":23,"20":28,"21":28,"22":28,"23":28,"24":28,"25":28,"26":7,"27":7,"28":8,"29":7,"30":28,"31":28,"32":28,"33":120,"34":28,"35":8,"36":20,"37":20,"38":0,"39":20,"40":20,"41":12,"42":12,"43":8,"44":8,"45":3,"46":5,"47":4,"48":4,"49":8,"50":8,"51":4,"52":4,"53":3,"54":3},"f":{"0":76,"1":242,"2":20,"3":28,"4":28,"5":28,"6":8,"7":28,"8":120,"9":4,"10":8,"11":3},"b":{"0":[0,20],"1":[18,2],"2":[20,18],"3":[2,0],"4":[2,0],"5":[2,2],"6":[7,21],"7":[28,21],"8":[7,7],"9":[8,20],"10":[0,20],"11":[12,8],"12":[3,5],"13":[1,4],"14":[3,1],"15":[3,1],"16":[3,1],"17":[4,4],"18":[8,4]},"meta":{"lastBranch":19,"lastFunction":12,"lastStatement":55,"seen":{"s:18:28:18:Infinity":0,"s:19:28:19:Infinity":1,"s:22:27:25:Infinity":2,"s:27:30:30:Infinity":3,"s:32:29:32:Infinity":4,"f:34:9:34:20":0,"s:35:2:35:Infinity":5,"f:35:18:35:24":1,"s:35:30:35:59":6,"f:39:9:39:22":2,"s:40:2:47:Infinity":7,"b:41:4:41:Infinity:undefined:undefined:undefined:undefined":0,"s:41:4:41:Infinity":8,"s:41:46:41:Infinity":9,"s:42:16:42:Infinity":10,"b:43:4:43:Infinity:undefined:undefined:undefined:undefined":1,"s:43:4:43:Infinity":11,"b:43:8:43:35:43:35:43:44":2,"s:43:44:43:Infinity":12,"b:44:4:47:Infinity:undefined:undefined:undefined:undefined":3,"s:44:4:47:Infinity":13,"s:46:21:46:60":14,"b:47:6:47:Infinity:undefined:undefined:undefined:undefined":4,"s:47:6:47:Infinity":15,"b:47:10:47:24:47:28:47:40":5,"s:47:40:47:Infinity":16,"s:50:2:50:Infinity":17,"s:55:32:55:62":18,"s:57:22:57:55":19,"f:59:2:59:20":3,"s:60:17:60:42":20,"s:61:23:61:77":21,"f:61:28:61:36":4,"s:61:42:61:76":22,"s:62:23:62:76":23,"f:62:28:62:36":5,"s:62:42:62:75":24,"b:64:4:68:Infinity:undefined:undefined:undefined:undefined":6,"s:64:4:68:Infinity":25,"b:64:8:64:33:64:33:64:55":7,"s:66:24:66:80":26,"b:66:24:66:59:66:63:66:80":8,"s:67:6:67:Infinity":27,"f:67:36:67:45":6,"s:67:51:67:67":28,"s:68:6:68:Infinity":29,"s:72:26:72:63":30,"s:73:4:73:Infinity":31,"f:80:2:80:10":7,"s:85:23:86:Infinity":32,"f:85:45:85:51":8,"s:86:6:86:43":33,"b:88:4:88:Infinity:undefined:undefined:undefined:undefined":9,"s:88:4:88:Infinity":34,"s:88:21:88:Infinity":35,"s:90:25:90:51":36,"b:91:4:91:Infinity:undefined:undefined:undefined:undefined":10,"s:91:4:91:Infinity":37,"s:91:31:91:Infinity":38,"s:93:21:93:46":39,"b:95:4:102:Infinity:undefined:undefined:undefined:undefined":11,"s:95:4:102:Infinity":40,"s:97:6:101:Infinity":41,"s:102:6:102:Infinity":42,"s:105:10:105:Infinity":43,"b:106:4:106:Infinity:undefined:undefined:undefined:undefined":12,"s:106:4:106:Infinity":44,"s:106:42:106:Infinity":45,"s:109:4:129:Infinity":46,"b:113:34:113:43:113:43:113:Infinity":13,"f:132:2:132:18":9,"s:133:25:133:Infinity":47,"s:135:4:153:Infinity":48,"b:137:32:137:37:137:37:137:Infinity":14,"b:138:36:138:48:138:48:138:Infinity":15,"b:143:10:143:Infinity:144:10:144:Infinity":16,"f:160:2:160:30":10,"s:161:22:161:57":49,"b:162:4:162:Infinity:undefined:undefined:undefined:undefined":17,"s:162:4:162:Infinity":50,"b:162:8:162:21:162:21:162:41":18,"s:162:41:162:Infinity":51,"s:164:4:177:Infinity":52,"f:180:2:180:11":11,"s:181:4:181:Infinity":53,"s:182:4:182:Infinity":54}}}
,"E:\\darkscanner\\src\\background\\rule-engine.ts": {"path":"E:\\darkscanner\\src\\background\\rule-engine.ts","statementMap":{"0":{"start":{"line":5,"column":29},"end":{"line":5,"column":59}},"1":{"start":{"line":6,"column":4},"end":{"line":11,"column":null}},"2":{"start":{"line":15,"column":4},"end":{"line":15,"column":null}},"3":{"start":{"line":15,"column":33},"end":{"line":15,"column":null}},"4":{"start":{"line":16,"column":20},"end":{"line":16,"column":null}},"5":{"start":{"line":17,"column":16},"end":{"line":17,"column":75}},"6":{"start":{"line":17,"column":46},"end":{"line":17,"column":73}},"7":{"start":{"line":18,"column":4},"end":{"line":18,"column":null}}},"fnMap":{"0":{"name":"(anonymous_0)","decl":{"start":{"line":4,"column":8},"end":{"line":4,"column":17}},"loc":{"start":{"line":4,"column":96},"end":{"line":11,"column":null}},"line":4},"1":{"name":"(anonymous_1)","decl":{"start":{"line":14,"column":2},"end":{"line":14,"column":10}},"loc":{"start":{"line":14,"column":68},"end":{"line":18,"column":null}},"line":14},"2":{"name":"(anonymous_2)","decl":{"start":{"line":17,"column":27},"end":{"line":17,"column":35}},"loc":{"start":{"line":17,"column":46},"end":{"line":17,"column":73}},"line":17}},"branchMap":{"0":{"loc":{"start":{"line":15,"column":4},"end":{"line":15,"column":null}},"type":"if","locations":[{"start":{"line":15,"column":4},"end":{"line":15,"column":null}},{"start":{},"end":{}}],"line":15}},"s":{"0":10,"1":10,"2":10,"3":2,"4":8,"5":8,"6":24,"7":8},"f":{"0":10,"1":10,"2":24},"b":{"0":[2,8]},"meta":{"lastBranch":1,"lastFunction":3,"lastStatement":8,"seen":{"f:4:8:4:17":0,"s:5:29:5:59":0,"s:6:4:11:Infinity":1,"f:14:2:14:10":1,"b:15:4:15:Infinity:undefined:undefined:undefined:undefined":0,"s:15:4:15:Infinity":2,"s:15:33:15:Infinity":3,"s:16:20:16:Infinity":4,"s:17:16:17:75":5,"f:17:27:17:35":2,"s:17:46:17:73":6,"s:18:4:18:Infinity":7}}}
,"E:\\darkscanner\\src\\content\\dom-scanner.ts": {"path":"E:\\darkscanner\\src\\content\\dom-scanner.ts","statementMap":{"0":{"start":{"line":15,"column":23},"end":{"line":15,"column":75}},"1":{"start":{"line":17,"column":2},"end":{"line":21,"column":null}},"2":{"start":{"line":20,"column":25},"end":{"line":20,"column":131}},"3":{"start":{"line":26,"column":24},"end":{"line":26,"column":null}},"4":{"start":{"line":27,"column":24},"end":{"line":27,"column":null}},"5":{"start":{"line":30,"column":35},"end":{"line":30,"column":null}},"6":{"start":{"line":31,"column":35},"end":{"line":31,"column":null}},"7":{"start":{"line":33,"column":29},"end":{"line":33,"column":null}},"8":{"start":{"line":35,"column":26},"end":{"line":35,"column":null}},"9":{"start":{"line":38,"column":26},"end":{"line":38,"column":null}},"10":{"start":{"line":54,"column":23},"end":{"line":54,"column":null}},"11":{"start":{"line":55,"column":24},"end":{"line":56,"column":null}},"12":{"start":{"line":56,"column":11},"end":{"line":56,"column":58}},"13":{"start":{"line":58,"column":2},"end":{"line":58,"column":null}},"14":{"start":{"line":58,"column":21},"end":{"line":58,"column":null}},"15":{"start":{"line":61,"column":20},"end":{"line":63,"column":15}},"16":{"start":{"line":62,"column":16},"end":{"line":62,"column":36}},"17":{"start":{"line":66,"column":29},"end":{"line":66,"column":null}},"18":{"start":{"line":67,"column":2},"end":{"line":67,"column":null}},"19":{"start":{"line":67,"column":47},"end":{"line":67,"column":null}},"20":{"start":{"line":68,"column":2},"end":{"line":68,"column":null}},"21":{"start":{"line":68,"column":25},"end":{"line":68,"column":null}},"22":{"start":{"line":72,"column":2},"end":{"line":72,"column":null}},"23":{"start":{"line":72,"column":66},"end":{"line":72,"column":null}},"24":{"start":{"line":75,"column":2},"end":{"line":76,"column":null}},"25":{"start":{"line":76,"column":4},"end":{"line":76,"column":null}},"26":{"start":{"line":80,"column":22},"end":{"line":80,"column":68}},"27":{"start":{"line":81,"column":23},"end":{"line":81,"column":69}},"28":{"start":{"line":82,"column":19},"end":{"line":82,"column":83}},"29":{"start":{"line":83,"column":2},"end":{"line":83,"column":null}},"30":{"start":{"line":83,"column":48},"end":{"line":83,"column":null}},"31":{"start":{"line":86,"column":2},"end":{"line":86,"column":null}},"32":{"start":{"line":86,"column":26},"end":{"line":86,"column":null}},"33":{"start":{"line":88,"column":2},"end":{"line":88,"column":null}},"34":{"start":{"line":92,"column":28},"end":{"line":92,"column":null}},"35":{"start":{"line":96,"column":25},"end":{"line":96,"column":null}},"36":{"start":{"line":98,"column":31},"end":{"line":101,"column":null}},"37":{"start":{"line":105,"column":29},"end":{"line":107,"column":null}},"38":{"start":{"line":108,"column":33},"end":{"line":108,"column":null}},"39":{"start":{"line":109,"column":33},"end":{"line":109,"column":null}},"40":{"start":{"line":112,"column":36},"end":{"line":115,"column":null}},"41":{"start":{"line":118,"column":29},"end":{"line":121,"column":null}},"42":{"start":{"line":125,"column":31},"end":{"line":125,"column":null}},"43":{"start":{"line":127,"column":25},"end":{"line":127,"column":null}},"44":{"start":{"line":131,"column":22},"end":{"line":131,"column":null}},"45":{"start":{"line":133,"column":30},"end":{"line":133,"column":null}},"46":{"start":{"line":135,"column":29},"end":{"line":135,"column":null}},"47":{"start":{"line":138,"column":28},"end":{"line":142,"column":11}},"48":{"start":{"line":145,"column":41},"end":{"line":145,"column":null}},"49":{"start":{"line":146,"column":41},"end":{"line":146,"column":null}},"50":{"start":{"line":147,"column":25},"end":{"line":147,"column":null}},"51":{"start":{"line":151,"column":25},"end":{"line":159,"column":null}},"52":{"start":{"line":161,"column":35},"end":{"line":161,"column":null}},"53":{"start":{"line":167,"column":24},"end":{"line":167,"column":null}},"54":{"start":{"line":168,"column":31},"end":{"line":168,"column":null}},"55":{"start":{"line":172,"column":26},"end":{"line":175,"column":null}},"56":{"start":{"line":177,"column":30},"end":{"line":177,"column":null}},"57":{"start":{"line":180,"column":46},"end":{"line":180,"column":null}},"58":{"start":{"line":181,"column":64},"end":{"line":181,"column":null}},"59":{"start":{"line":184,"column":4},"end":{"line":184,"column":null}},"60":{"start":{"line":185,"column":4},"end":{"line":185,"column":null}},"61":{"start":{"line":186,"column":4},"end":{"line":186,"column":null}},"62":{"start":{"line":187,"column":4},"end":{"line":187,"column":null}},"63":{"start":{"line":191,"column":15},"end":{"line":191,"column":32}},"64":{"start":{"line":192,"column":4},"end":{"line":192,"column":null}},"65":{"start":{"line":194,"column":29},"end":{"line":194,"column":51}},"66":{"start":{"line":195,"column":29},"end":{"line":195,"column":54}},"67":{"start":{"line":196,"column":29},"end":{"line":196,"column":60}},"68":{"start":{"line":197,"column":29},"end":{"line":197,"column":64}},"69":{"start":{"line":198,"column":29},"end":{"line":198,"column":54}},"70":{"start":{"line":199,"column":29},"end":{"line":199,"column":59}},"71":{"start":{"line":200,"column":29},"end":{"line":200,"column":55}},"72":{"start":{"line":201,"column":29},"end":{"line":201,"column":54}},"73":{"start":{"line":202,"column":29},"end":{"line":202,"column":62}},"74":{"start":{"line":203,"column":29},"end":{"line":203,"column":49}},"75":{"start":{"line":204,"column":29},"end":{"line":204,"column":55}},"76":{"start":{"line":205,"column":29},"end":{"line":205,"column":54}},"77":{"start":{"line":206,"column":29},"end":{"line":206,"column":56}},"78":{"start":{"line":207,"column":29},"end":{"line":207,"column":56}},"79":{"start":{"line":209,"column":40},"end":{"line":215,"column":null}},"80":{"start":{"line":218,"column":23},"end":{"line":218,"column":55}},"81":{"start":{"line":220,"column":4},"end":{"line":226,"column":null}},"82":{"start":{"line":227,"column":4},"end":{"line":227,"column":null}},"83":{"start":{"line":228,"column":4},"end":{"line":228,"column":null}},"84":{"start":{"line":230,"column":4},"end":{"line":230,"column":null}},"85":{"start":{"line":235,"column":47},"end":{"line":235,"column":49}},"86":{"start":{"line":236,"column":17},"end":{"line":236,"column":35}},"87":{"start":{"line":238,"column":4},"end":{"line":302,"column":null}},"88":{"start":{"line":239,"column":6},"end":{"line":302,"column":null}},"89":{"start":{"line":240,"column":8},"end":{"line":240,"column":null}},"90":{"start":{"line":240,"column":26},"end":{"line":240,"column":null}},"91":{"start":{"line":241,"column":8},"end":{"line":241,"column":null}},"92":{"start":{"line":243,"column":14},"end":{"line":243,"column":50}},"93":{"start":{"line":244,"column":31},"end":{"line":244,"column":59}},"94":{"start":{"line":245,"column":28},"end":{"line":245,"column":50}},"95":{"start":{"line":247,"column":8},"end":{"line":248,"column":null}},"96":{"start":{"line":252,"column":14},"end":{"line":285,"column":null}},"97":{"start":{"line":253,"column":10},"end":{"line":283,"column":null}},"98":{"start":{"line":255,"column":14},"end":{"line":259,"column":null}},"99":{"start":{"line":261,"column":14},"end":{"line":265,"column":null}},"100":{"start":{"line":267,"column":14},"end":{"line":271,"column":null}},"101":{"start":{"line":273,"column":14},"end":{"line":277,"column":null}},"102":{"start":{"line":279,"column":14},"end":{"line":283,"column":null}},"103":{"start":{"line":287,"column":8},"end":{"line":301,"column":null}},"104":{"start":{"line":305,"column":4},"end":{"line":305,"column":null}},"105":{"start":{"line":310,"column":47},"end":{"line":310,"column":49}},"106":{"start":{"line":311,"column":17},"end":{"line":311,"column":35}},"107":{"start":{"line":314,"column":4},"end":{"line":349,"column":null}},"108":{"start":{"line":315,"column":6},"end":{"line":349,"column":null}},"109":{"start":{"line":316,"column":8},"end":{"line":316,"column":null}},"110":{"start":{"line":316,"column":26},"end":{"line":316,"column":null}},"111":{"start":{"line":317,"column":8},"end":{"line":317,"column":null}},"112":{"start":{"line":319,"column":14},"end":{"line":319,"column":50}},"113":{"start":{"line":320,"column":8},"end":{"line":320,"column":null}},"114":{"start":{"line":320,"column":19},"end":{"line":320,"column":null}},"115":{"start":{"line":322,"column":24},"end":{"line":322,"column":77}},"116":{"start":{"line":322,"column":59},"end":{"line":322,"column":76}},"117":{"start":{"line":323,"column":33},"end":{"line":323,"column":48}},"118":{"start":{"line":327,"column":8},"end":{"line":329,"column":null}},"119":{"start":{"line":328,"column":10},"end":{"line":328,"column":null}},"120":{"start":{"line":329,"column":10},"end":{"line":329,"column":null}},"121":{"start":{"line":332,"column":8},"end":{"line":332,"column":null}},"122":{"start":{"line":334,"column":8},"end":{"line":348,"column":null}},"123":{"start":{"line":353,"column":23},"end":{"line":353,"column":null}},"124":{"start":{"line":354,"column":19},"end":{"line":354,"column":35}},"125":{"start":{"line":357,"column":4},"end":{"line":384,"column":null}},"126":{"start":{"line":358,"column":19},"end":{"line":358,"column":null}},"127":{"start":{"line":359,"column":22},"end":{"line":359,"column":75}},"128":{"start":{"line":359,"column":57},"end":{"line":359,"column":74}},"129":{"start":{"line":360,"column":6},"end":{"line":360,"column":null}},"130":{"start":{"line":360,"column":20},"end":{"line":360,"column":null}},"131":{"start":{"line":362,"column":21},"end":{"line":362,"column":null}},"132":{"start":{"line":363,"column":6},"end":{"line":363,"column":null}},"133":{"start":{"line":363,"column":19},"end":{"line":363,"column":null}},"134":{"start":{"line":365,"column":6},"end":{"line":365,"column":null}},"135":{"start":{"line":365,"column":103},"end":{"line":365,"column":null}},"136":{"start":{"line":367,"column":6},"end":{"line":367,"column":null}},"137":{"start":{"line":368,"column":6},"end":{"line":368,"column":null}},"138":{"start":{"line":370,"column":6},"end":{"line":384,"column":null}},"139":{"start":{"line":387,"column":4},"end":{"line":387,"column":null}},"140":{"start":{"line":392,"column":47},"end":{"line":392,"column":49}},"141":{"start":{"line":393,"column":17},"end":{"line":393,"column":44}},"142":{"start":{"line":396,"column":10},"end":{"line":425,"column":null}},"143":{"start":{"line":397,"column":20},"end":{"line":397,"column":null}},"144":{"start":{"line":398,"column":25},"end":{"line":398,"column":null}},"145":{"start":{"line":403,"column":8},"end":{"line":406,"column":33}},"146":{"start":{"line":408,"column":6},"end":{"line":409,"column":null}},"147":{"start":{"line":411,"column":6},"end":{"line":425,"column":null}},"148":{"start":{"line":429,"column":4},"end":{"line":437,"column":null}},"149":{"start":{"line":430,"column":6},"end":{"line":437,"column":null}},"150":{"start":{"line":431,"column":8},"end":{"line":431,"column":null}},"151":{"start":{"line":431,"column":41},"end":{"line":431,"column":null}},"152":{"start":{"line":433,"column":21},"end":{"line":433,"column":47}},"153":{"start":{"line":434,"column":8},"end":{"line":434,"column":null}},"154":{"start":{"line":434,"column":51},"end":{"line":434,"column":null}},"155":{"start":{"line":435,"column":8},"end":{"line":435,"column":null}},"156":{"start":{"line":436,"column":8},"end":{"line":436,"column":null}},"157":{"start":{"line":442,"column":4},"end":{"line":451,"column":null}},"158":{"start":{"line":445,"column":6},"end":{"line":445,"column":null}},"159":{"start":{"line":445,"column":75},"end":{"line":445,"column":null}},"160":{"start":{"line":447,"column":19},"end":{"line":447,"column":45}},"161":{"start":{"line":448,"column":6},"end":{"line":448,"column":null}},"162":{"start":{"line":448,"column":49},"end":{"line":448,"column":null}},"163":{"start":{"line":449,"column":6},"end":{"line":449,"column":null}},"164":{"start":{"line":450,"column":6},"end":{"line":450,"column":null}},"165":{"start":{"line":453,"column":4},"end":{"line":453,"column":null}},"166":{"start":{"line":458,"column":47},"end":{"line":458,"column":49}},"167":{"start":{"line":461,"column":23},"end":{"line":464,"column":null}},"168":{"start":{"line":467,"column":41},"end":{"line":467,"column":43}},"169":{"start":{"line":468,"column":41},"end":{"line":468,"column":43}},"170":{"start":{"line":470,"column":4},"end":{"line":473,"column":null}},"171":{"start":{"line":471,"column":12},"end":{"line":471,"column":49}},"172":{"start":{"line":472,"column":6},"end":{"line":473,"column":null}},"173":{"start":{"line":472,"column":39},"end":{"line":472,"column":56}},"174":{"start":{"line":472,"column":59},"end":{"line":472,"column":null}},"175":{"start":{"line":473,"column":15},"end":{"line":473,"column":null}},"176":{"start":{"line":473,"column":44},"end":{"line":473,"column":61}},"177":{"start":{"line":473,"column":64},"end":{"line":473,"column":null}},"178":{"start":{"line":476,"column":4},"end":{"line":535,"column":null}},"179":{"start":{"line":477,"column":24},"end":{"line":477,"column":71}},"180":{"start":{"line":478,"column":6},"end":{"line":478,"column":null}},"181":{"start":{"line":478,"column":22},"end":{"line":478,"column":null}},"182":{"start":{"line":480,"column":12},"end":{"line":480,"column":56}},"183":{"start":{"line":481,"column":12},"end":{"line":481,"column":56}},"184":{"start":{"line":482,"column":29},"end":{"line":482,"column":77}},"185":{"start":{"line":483,"column":29},"end":{"line":483,"column":77}},"186":{"start":{"line":484,"column":29},"end":{"line":484,"column":76}},"187":{"start":{"line":487,"column":32},"end":{"line":487,"column":34}},"188":{"start":{"line":489,"column":6},"end":{"line":492,"column":null}},"189":{"start":{"line":490,"column":8},"end":{"line":492,"column":null}},"190":{"start":{"line":494,"column":6},"end":{"line":497,"column":null}},"191":{"start":{"line":495,"column":8},"end":{"line":497,"column":null}},"192":{"start":{"line":499,"column":6},"end":{"line":500,"column":null}},"193":{"start":{"line":500,"column":8},"end":{"line":500,"column":null}},"194":{"start":{"line":503,"column":6},"end":{"line":503,"column":null}},"195":{"start":{"line":503,"column":32},"end":{"line":503,"column":null}},"196":{"start":{"line":505,"column":6},"end":{"line":508,"column":null}},"197":{"start":{"line":510,"column":6},"end":{"line":535,"column":null}},"198":{"start":{"line":538,"column":4},"end":{"line":538,"column":null}},"199":{"start":{"line":544,"column":47},"end":{"line":544,"column":49}},"200":{"start":{"line":545,"column":17},"end":{"line":545,"column":35}},"201":{"start":{"line":547,"column":4},"end":{"line":585,"column":null}},"202":{"start":{"line":548,"column":6},"end":{"line":585,"column":null}},"203":{"start":{"line":549,"column":8},"end":{"line":549,"column":null}},"204":{"start":{"line":549,"column":26},"end":{"line":549,"column":null}},"205":{"start":{"line":550,"column":8},"end":{"line":550,"column":null}},"206":{"start":{"line":553,"column":21},"end":{"line":553,"column":47}},"207":{"start":{"line":554,"column":8},"end":{"line":554,"column":null}},"208":{"start":{"line":554,"column":51},"end":{"line":554,"column":null}},"209":{"start":{"line":557,"column":25},"end":{"line":557,"column":53}},"210":{"start":{"line":558,"column":8},"end":{"line":560,"column":null}},"211":{"start":{"line":558,"column":48},"end":{"line":558,"column":69}},"212":{"start":{"line":559,"column":10},"end":{"line":559,"column":null}},"213":{"start":{"line":560,"column":10},"end":{"line":560,"column":null}},"214":{"start":{"line":563,"column":22},"end":{"line":563,"column":null}},"215":{"start":{"line":564,"column":22},"end":{"line":564,"column":null}},"216":{"start":{"line":565,"column":8},"end":{"line":565,"column":null}},"217":{"start":{"line":565,"column":73},"end":{"line":565,"column":null}},"218":{"start":{"line":567,"column":8},"end":{"line":567,"column":null}},"219":{"start":{"line":569,"column":8},"end":{"line":584,"column":null}},"220":{"start":{"line":588,"column":4},"end":{"line":588,"column":null}},"221":{"start":{"line":603,"column":10},"end":{"line":608,"column":null}},"222":{"start":{"line":604,"column":14},"end":{"line":604,"column":null}},"223":{"start":{"line":605,"column":6},"end":{"line":606,"column":null}},"224":{"start":{"line":606,"column":8},"end":{"line":606,"column":null}},"225":{"start":{"line":606,"column":47},"end":{"line":606,"column":null}},"226":{"start":{"line":608,"column":6},"end":{"line":608,"column":null}},"227":{"start":{"line":611,"column":28},"end":{"line":611,"column":30}},"228":{"start":{"line":612,"column":17},"end":{"line":612,"column":null}},"229":{"start":{"line":613,"column":17},"end":{"line":613,"column":null}},"230":{"start":{"line":614,"column":4},"end":{"line":614,"column":null}},"231":{"start":{"line":614,"column":14},"end":{"line":614,"column":null}},"232":{"start":{"line":615,"column":4},"end":{"line":615,"column":null}},"233":{"start":{"line":615,"column":14},"end":{"line":615,"column":null}},"234":{"start":{"line":616,"column":4},"end":{"line":619,"column":null}},"235":{"start":{"line":617,"column":6},"end":{"line":619,"column":null}},"236":{"start":{"line":618,"column":8},"end":{"line":618,"column":null}},"237":{"start":{"line":618,"column":26},"end":{"line":618,"column":null}},"238":{"start":{"line":621,"column":4},"end":{"line":621,"column":null}},"239":{"start":{"line":627,"column":47},"end":{"line":627,"column":49}},"240":{"start":{"line":628,"column":17},"end":{"line":628,"column":35}},"241":{"start":{"line":630,"column":19},"end":{"line":630,"column":35}},"242":{"start":{"line":633,"column":4},"end":{"line":671,"column":null}},"243":{"start":{"line":634,"column":19},"end":{"line":634,"column":null}},"244":{"start":{"line":635,"column":26},"end":{"line":635,"column":79}},"245":{"start":{"line":635,"column":59},"end":{"line":635,"column":78}},"246":{"start":{"line":636,"column":6},"end":{"line":636,"column":null}},"247":{"start":{"line":636,"column":24},"end":{"line":636,"column":null}},"248":{"start":{"line":638,"column":21},"end":{"line":638,"column":null}},"249":{"start":{"line":639,"column":6},"end":{"line":639,"column":null}},"250":{"start":{"line":639,"column":39},"end":{"line":639,"column":null}},"251":{"start":{"line":642,"column":19},"end":{"line":642,"column":49}},"252":{"start":{"line":643,"column":6},"end":{"line":643,"column":null}},"253":{"start":{"line":643,"column":49},"end":{"line":643,"column":null}},"254":{"start":{"line":645,"column":23},"end":{"line":645,"column":47}},"255":{"start":{"line":646,"column":23},"end":{"line":646,"column":49}},"256":{"start":{"line":649,"column":6},"end":{"line":649,"column":null}},"257":{"start":{"line":649,"column":44},"end":{"line":649,"column":null}},"258":{"start":{"line":651,"column":6},"end":{"line":651,"column":null}},"259":{"start":{"line":653,"column":22},"end":{"line":653,"column":47}},"260":{"start":{"line":654,"column":6},"end":{"line":655,"column":null}},"261":{"start":{"line":657,"column":6},"end":{"line":671,"column":null}},"262":{"start":{"line":674,"column":4},"end":{"line":674,"column":null}},"263":{"start":{"line":680,"column":47},"end":{"line":680,"column":49}},"264":{"start":{"line":681,"column":17},"end":{"line":681,"column":35}},"265":{"start":{"line":683,"column":10},"end":{"line":722,"column":null}},"266":{"start":{"line":684,"column":6},"end":{"line":684,"column":null}},"267":{"start":{"line":684,"column":24},"end":{"line":684,"column":null}},"268":{"start":{"line":685,"column":6},"end":{"line":685,"column":null}},"269":{"start":{"line":689,"column":8},"end":{"line":692,"column":null}},"270":{"start":{"line":695,"column":29},"end":{"line":696,"column":null}},"271":{"start":{"line":696,"column":15},"end":{"line":696,"column":null}},"272":{"start":{"line":698,"column":6},"end":{"line":698,"column":null}},"273":{"start":{"line":698,"column":26},"end":{"line":698,"column":null}},"274":{"start":{"line":700,"column":19},"end":{"line":700,"column":null}},"275":{"start":{"line":701,"column":20},"end":{"line":701,"column":47}},"276":{"start":{"line":702,"column":6},"end":{"line":702,"column":null}},"277":{"start":{"line":702,"column":49},"end":{"line":702,"column":null}},"278":{"start":{"line":704,"column":26},"end":{"line":704,"column":null}},"279":{"start":{"line":705,"column":6},"end":{"line":706,"column":null}},"280":{"start":{"line":708,"column":6},"end":{"line":722,"column":null}},"281":{"start":{"line":726,"column":4},"end":{"line":727,"column":null}},"282":{"start":{"line":727,"column":6},"end":{"line":727,"column":null}},"283":{"start":{"line":727,"column":71},"end":{"line":727,"column":99}},"284":{"start":{"line":731,"column":19},"end":{"line":731,"column":35}},"285":{"start":{"line":733,"column":16},"end":{"line":733,"column":null}},"286":{"start":{"line":734,"column":4},"end":{"line":740,"column":null}},"287":{"start":{"line":735,"column":19},"end":{"line":735,"column":null}},"288":{"start":{"line":736,"column":6},"end":{"line":736,"column":null}},"289":{"start":{"line":736,"column":40},"end":{"line":736,"column":null}},"290":{"start":{"line":737,"column":21},"end":{"line":737,"column":null}},"291":{"start":{"line":738,"column":6},"end":{"line":738,"column":null}},"292":{"start":{"line":738,"column":39},"end":{"line":738,"column":null}},"293":{"start":{"line":739,"column":6},"end":{"line":739,"column":null}},"294":{"start":{"line":740,"column":6},"end":{"line":740,"column":null}},"295":{"start":{"line":743,"column":4},"end":{"line":743,"column":null}},"296":{"start":{"line":749,"column":47},"end":{"line":749,"column":49}},"297":{"start":{"line":750,"column":17},"end":{"line":750,"column":35}},"298":{"start":{"line":752,"column":19},"end":{"line":752,"column":35}},"299":{"start":{"line":755,"column":4},"end":{"line":805,"column":null}},"300":{"start":{"line":756,"column":19},"end":{"line":756,"column":null}},"301":{"start":{"line":757,"column":26},"end":{"line":757,"column":82}},"302":{"start":{"line":757,"column":62},"end":{"line":757,"column":81}},"303":{"start":{"line":758,"column":6},"end":{"line":758,"column":null}},"304":{"start":{"line":758,"column":24},"end":{"line":758,"column":null}},"305":{"start":{"line":760,"column":21},"end":{"line":760,"column":null}},"306":{"start":{"line":761,"column":6},"end":{"line":761,"column":null}},"307":{"start":{"line":761,"column":39},"end":{"line":761,"column":null}},"308":{"start":{"line":762,"column":6},"end":{"line":762,"column":null}},"309":{"start":{"line":766,"column":8},"end":{"line":767,"column":null}},"310":{"start":{"line":768,"column":6},"end":{"line":768,"column":null}},"311":{"start":{"line":768,"column":25},"end":{"line":768,"column":null}},"312":{"start":{"line":770,"column":25},"end":{"line":770,"column":49}},"313":{"start":{"line":771,"column":25},"end":{"line":771,"column":50}},"314":{"start":{"line":772,"column":25},"end":{"line":772,"column":51}},"315":{"start":{"line":773,"column":25},"end":{"line":773,"column":null}},"316":{"start":{"line":774,"column":25},"end":{"line":774,"column":null}},"317":{"start":{"line":776,"column":32},"end":{"line":776,"column":34}},"318":{"start":{"line":777,"column":6},"end":{"line":778,"column":null}},"319":{"start":{"line":778,"column":8},"end":{"line":778,"column":null}},"320":{"start":{"line":780,"column":6},"end":{"line":781,"column":null}},"321":{"start":{"line":781,"column":8},"end":{"line":781,"column":null}},"322":{"start":{"line":783,"column":6},"end":{"line":784,"column":null}},"323":{"start":{"line":784,"column":8},"end":{"line":784,"column":null}},"324":{"start":{"line":786,"column":6},"end":{"line":786,"column":null}},"325":{"start":{"line":786,"column":32},"end":{"line":786,"column":null}},"326":{"start":{"line":788,"column":6},"end":{"line":789,"column":null}},"327":{"start":{"line":791,"column":6},"end":{"line":805,"column":null}},"328":{"start":{"line":808,"column":4},"end":{"line":808,"column":null}},"329":{"start":{"line":814,"column":47},"end":{"line":814,"column":49}},"330":{"start":{"line":815,"column":17},"end":{"line":815,"column":35}},"331":{"start":{"line":817,"column":19},"end":{"line":817,"column":35}},"332":{"start":{"line":819,"column":16},"end":{"line":819,"column":null}},"333":{"start":{"line":821,"column":4},"end":{"line":855,"column":null}},"334":{"start":{"line":822,"column":12},"end":{"line":822,"column":50}},"335":{"start":{"line":823,"column":26},"end":{"line":823,"column":83}},"336":{"start":{"line":823,"column":66},"end":{"line":823,"column":82}},"337":{"start":{"line":824,"column":6},"end":{"line":824,"column":null}},"338":{"start":{"line":824,"column":24},"end":{"line":824,"column":null}},"339":{"start":{"line":826,"column":21},"end":{"line":826,"column":null}},"340":{"start":{"line":827,"column":6},"end":{"line":827,"column":null}},"341":{"start":{"line":827,"column":39},"end":{"line":827,"column":null}},"342":{"start":{"line":828,"column":6},"end":{"line":828,"column":null}},"343":{"start":{"line":831,"column":25},"end":{"line":833,"column":null}},"344":{"start":{"line":835,"column":6},"end":{"line":835,"column":null}},"345":{"start":{"line":835,"column":23},"end":{"line":835,"column":null}},"346":{"start":{"line":836,"column":6},"end":{"line":836,"column":null}},"347":{"start":{"line":838,"column":6},"end":{"line":839,"column":null}},"348":{"start":{"line":841,"column":6},"end":{"line":855,"column":null}},"349":{"start":{"line":858,"column":4},"end":{"line":858,"column":null}},"350":{"start":{"line":864,"column":47},"end":{"line":864,"column":49}},"351":{"start":{"line":865,"column":17},"end":{"line":865,"column":35}},"352":{"start":{"line":867,"column":4},"end":{"line":900,"column":null}},"353":{"start":{"line":868,"column":6},"end":{"line":900,"column":null}},"354":{"start":{"line":869,"column":8},"end":{"line":869,"column":null}},"355":{"start":{"line":869,"column":26},"end":{"line":869,"column":null}},"356":{"start":{"line":870,"column":8},"end":{"line":870,"column":null}},"357":{"start":{"line":873,"column":21},"end":{"line":873,"column":47}},"358":{"start":{"line":874,"column":8},"end":{"line":874,"column":null}},"359":{"start":{"line":874,"column":51},"end":{"line":874,"column":null}},"360":{"start":{"line":876,"column":23},"end":{"line":876,"column":null}},"361":{"start":{"line":877,"column":24},"end":{"line":877,"column":78}},"362":{"start":{"line":877,"column":58},"end":{"line":877,"column":77}},"363":{"start":{"line":878,"column":24},"end":{"line":878,"column":79}},"364":{"start":{"line":878,"column":59},"end":{"line":878,"column":78}},"365":{"start":{"line":880,"column":8},"end":{"line":880,"column":null}},"366":{"start":{"line":880,"column":33},"end":{"line":880,"column":null}},"367":{"start":{"line":882,"column":8},"end":{"line":883,"column":null}},"368":{"start":{"line":885,"column":8},"end":{"line":899,"column":null}},"369":{"start":{"line":903,"column":4},"end":{"line":903,"column":null}},"370":{"start":{"line":909,"column":47},"end":{"line":909,"column":49}},"371":{"start":{"line":910,"column":17},"end":{"line":910,"column":35}},"372":{"start":{"line":913,"column":4},"end":{"line":948,"column":null}},"373":{"start":{"line":914,"column":6},"end":{"line":948,"column":null}},"374":{"start":{"line":915,"column":8},"end":{"line":915,"column":null}},"375":{"start":{"line":915,"column":26},"end":{"line":915,"column":null}},"376":{"start":{"line":917,"column":21},"end":{"line":917,"column":47}},"377":{"start":{"line":918,"column":8},"end":{"line":918,"column":null}},"378":{"start":{"line":918,"column":51},"end":{"line":918,"column":null}},"379":{"start":{"line":921,"column":8},"end":{"line":921,"column":null}},"380":{"start":{"line":921,"column":45},"end":{"line":921,"column":null}},"381":{"start":{"line":922,"column":27},"end":{"line":922,"column":null}},"382":{"start":{"line":923,"column":8},"end":{"line":923,"column":null}},"383":{"start":{"line":923,"column":25},"end":{"line":923,"column":null}},"384":{"start":{"line":925,"column":24},"end":{"line":925,"column":null}},"385":{"start":{"line":926,"column":24},"end":{"line":926,"column":78}},"386":{"start":{"line":926,"column":58},"end":{"line":926,"column":77}},"387":{"start":{"line":927,"column":8},"end":{"line":927,"column":null}},"388":{"start":{"line":927,"column":22},"end":{"line":927,"column":null}},"389":{"start":{"line":929,"column":8},"end":{"line":929,"column":null}},"390":{"start":{"line":930,"column":8},"end":{"line":931,"column":null}},"391":{"start":{"line":933,"column":8},"end":{"line":947,"column":null}},"392":{"start":{"line":952,"column":19},"end":{"line":952,"column":35}},"393":{"start":{"line":954,"column":16},"end":{"line":954,"column":null}},"394":{"start":{"line":956,"column":4},"end":{"line":993,"column":null}},"395":{"start":{"line":957,"column":19},"end":{"line":957,"column":null}},"396":{"start":{"line":958,"column":26},"end":{"line":958,"column":69}},"397":{"start":{"line":958,"column":52},"end":{"line":958,"column":68}},"398":{"start":{"line":959,"column":6},"end":{"line":959,"column":null}},"399":{"start":{"line":959,"column":24},"end":{"line":959,"column":null}},"400":{"start":{"line":961,"column":21},"end":{"line":961,"column":null}},"401":{"start":{"line":962,"column":6},"end":{"line":962,"column":null}},"402":{"start":{"line":962,"column":39},"end":{"line":962,"column":null}},"403":{"start":{"line":965,"column":6},"end":{"line":965,"column":null}},"404":{"start":{"line":965,"column":47},"end":{"line":965,"column":null}},"405":{"start":{"line":966,"column":25},"end":{"line":966,"column":61}},"406":{"start":{"line":967,"column":6},"end":{"line":967,"column":null}},"407":{"start":{"line":967,"column":23},"end":{"line":967,"column":null}},"408":{"start":{"line":969,"column":22},"end":{"line":969,"column":null}},"409":{"start":{"line":970,"column":22},"end":{"line":970,"column":76}},"410":{"start":{"line":970,"column":56},"end":{"line":970,"column":75}},"411":{"start":{"line":971,"column":6},"end":{"line":971,"column":null}},"412":{"start":{"line":971,"column":20},"end":{"line":971,"column":null}},"413":{"start":{"line":973,"column":6},"end":{"line":973,"column":null}},"414":{"start":{"line":974,"column":6},"end":{"line":974,"column":null}},"415":{"start":{"line":976,"column":6},"end":{"line":977,"column":null}},"416":{"start":{"line":979,"column":6},"end":{"line":993,"column":null}},"417":{"start":{"line":996,"column":4},"end":{"line":996,"column":null}},"418":{"start":{"line":1002,"column":47},"end":{"line":1002,"column":49}},"419":{"start":{"line":1003,"column":17},"end":{"line":1003,"column":35}},"420":{"start":{"line":1006,"column":4},"end":{"line":1035,"column":null}},"421":{"start":{"line":1007,"column":6},"end":{"line":1035,"column":null}},"422":{"start":{"line":1008,"column":8},"end":{"line":1008,"column":null}},"423":{"start":{"line":1008,"column":26},"end":{"line":1008,"column":null}},"424":{"start":{"line":1009,"column":14},"end":{"line":1009,"column":50}},"425":{"start":{"line":1010,"column":28},"end":{"line":1010,"column":74}},"426":{"start":{"line":1010,"column":57},"end":{"line":1010,"column":73}},"427":{"start":{"line":1011,"column":8},"end":{"line":1011,"column":null}},"428":{"start":{"line":1011,"column":26},"end":{"line":1011,"column":null}},"429":{"start":{"line":1013,"column":8},"end":{"line":1013,"column":null}},"430":{"start":{"line":1013,"column":44},"end":{"line":1013,"column":null}},"431":{"start":{"line":1015,"column":8},"end":{"line":1015,"column":null}},"432":{"start":{"line":1016,"column":22},"end":{"line":1016,"column":42}},"433":{"start":{"line":1017,"column":8},"end":{"line":1018,"column":null}},"434":{"start":{"line":1020,"column":8},"end":{"line":1034,"column":null}},"435":{"start":{"line":1044,"column":25},"end":{"line":1044,"column":42}},"436":{"start":{"line":1046,"column":24},"end":{"line":1046,"column":40}},"437":{"start":{"line":1048,"column":6},"end":{"line":1060,"column":null}},"438":{"start":{"line":1049,"column":24},"end":{"line":1049,"column":null}},"439":{"start":{"line":1050,"column":21},"end":{"line":1050,"column":70}},"440":{"start":{"line":1050,"column":50},"end":{"line":1050,"column":69}},"441":{"start":{"line":1051,"column":8},"end":{"line":1051,"column":null}},"442":{"start":{"line":1051,"column":19},"end":{"line":1051,"column":null}},"443":{"start":{"line":1052,"column":18},"end":{"line":1052,"column":null}},"444":{"start":{"line":1053,"column":8},"end":{"line":1053,"column":null}},"445":{"start":{"line":1053,"column":16},"end":{"line":1053,"column":null}},"446":{"start":{"line":1054,"column":18},"end":{"line":1054,"column":37}},"447":{"start":{"line":1056,"column":10},"end":{"line":1059,"column":null}},"448":{"start":{"line":1060,"column":8},"end":{"line":1060,"column":null}},"449":{"start":{"line":1060,"column":23},"end":{"line":1060,"column":null}},"450":{"start":{"line":1064,"column":19},"end":{"line":1064,"column":35}},"451":{"start":{"line":1066,"column":16},"end":{"line":1066,"column":null}},"452":{"start":{"line":1068,"column":4},"end":{"line":1115,"column":null}},"453":{"start":{"line":1069,"column":19},"end":{"line":1069,"column":null}},"454":{"start":{"line":1070,"column":26},"end":{"line":1070,"column":72}},"455":{"start":{"line":1070,"column":55},"end":{"line":1070,"column":71}},"456":{"start":{"line":1071,"column":6},"end":{"line":1071,"column":null}},"457":{"start":{"line":1071,"column":24},"end":{"line":1071,"column":null}},"458":{"start":{"line":1073,"column":21},"end":{"line":1073,"column":null}},"459":{"start":{"line":1074,"column":6},"end":{"line":1074,"column":null}},"460":{"start":{"line":1074,"column":39},"end":{"line":1074,"column":null}},"461":{"start":{"line":1076,"column":20},"end":{"line":1076,"column":44}},"462":{"start":{"line":1078,"column":8},"end":{"line":1080,"column":null}},"463":{"start":{"line":1081,"column":23},"end":{"line":1081,"column":49}},"464":{"start":{"line":1082,"column":26},"end":{"line":1082,"column":null}},"465":{"start":{"line":1084,"column":6},"end":{"line":1084,"column":null}},"466":{"start":{"line":1084,"column":37},"end":{"line":1084,"column":null}},"467":{"start":{"line":1088,"column":6},"end":{"line":1091,"column":null}},"468":{"start":{"line":1089,"column":8},"end":{"line":1090,"column":null}},"469":{"start":{"line":1091,"column":8},"end":{"line":1091,"column":null}},"470":{"start":{"line":1094,"column":6},"end":{"line":1094,"column":null}},"471":{"start":{"line":1095,"column":6},"end":{"line":1095,"column":null}},"472":{"start":{"line":1097,"column":21},"end":{"line":1097,"column":null}},"473":{"start":{"line":1098,"column":6},"end":{"line":1099,"column":null}},"474":{"start":{"line":1101,"column":6},"end":{"line":1115,"column":null}},"475":{"start":{"line":1118,"column":4},"end":{"line":1118,"column":null}},"476":{"start":{"line":1125,"column":47},"end":{"line":1125,"column":49}},"477":{"start":{"line":1126,"column":17},"end":{"line":1126,"column":35}},"478":{"start":{"line":1129,"column":4},"end":{"line":1160,"column":null}},"479":{"start":{"line":1130,"column":6},"end":{"line":1160,"column":null}},"480":{"start":{"line":1131,"column":8},"end":{"line":1131,"column":null}},"481":{"start":{"line":1131,"column":26},"end":{"line":1131,"column":null}},"482":{"start":{"line":1132,"column":21},"end":{"line":1132,"column":47}},"483":{"start":{"line":1133,"column":8},"end":{"line":1133,"column":null}},"484":{"start":{"line":1133,"column":51},"end":{"line":1133,"column":null}},"485":{"start":{"line":1136,"column":25},"end":{"line":1136,"column":null}},"486":{"start":{"line":1138,"column":8},"end":{"line":1138,"column":null}},"487":{"start":{"line":1138,"column":42},"end":{"line":1138,"column":null}},"488":{"start":{"line":1139,"column":8},"end":{"line":1139,"column":null}},"489":{"start":{"line":1139,"column":87},"end":{"line":1139,"column":null}},"490":{"start":{"line":1141,"column":8},"end":{"line":1141,"column":null}},"491":{"start":{"line":1142,"column":21},"end":{"line":1142,"column":50}},"492":{"start":{"line":1143,"column":8},"end":{"line":1143,"column":null}},"493":{"start":{"line":1145,"column":8},"end":{"line":1159,"column":null}},"494":{"start":{"line":1165,"column":19},"end":{"line":1165,"column":35}},"495":{"start":{"line":1167,"column":16},"end":{"line":1167,"column":null}},"496":{"start":{"line":1169,"column":4},"end":{"line":1218,"column":null}},"497":{"start":{"line":1170,"column":21},"end":{"line":1170,"column":null}},"498":{"start":{"line":1171,"column":6},"end":{"line":1171,"column":null}},"499":{"start":{"line":1171,"column":39},"end":{"line":1171,"column":null}},"500":{"start":{"line":1175,"column":23},"end":{"line":1175,"column":null}},"501":{"start":{"line":1177,"column":6},"end":{"line":1177,"column":null}},"502":{"start":{"line":1177,"column":40},"end":{"line":1177,"column":null}},"503":{"start":{"line":1178,"column":23},"end":{"line":1178,"column":53}},"504":{"start":{"line":1179,"column":23},"end":{"line":1179,"column":77}},"505":{"start":{"line":1180,"column":23},"end":{"line":1180,"column":null}},"506":{"start":{"line":1181,"column":6},"end":{"line":1181,"column":null}},"507":{"start":{"line":1181,"column":21},"end":{"line":1181,"column":null}},"508":{"start":{"line":1183,"column":19},"end":{"line":1183,"column":49}},"509":{"start":{"line":1184,"column":6},"end":{"line":1184,"column":null}},"510":{"start":{"line":1184,"column":49},"end":{"line":1184,"column":null}},"511":{"start":{"line":1187,"column":27},"end":{"line":1187,"column":null}},"512":{"start":{"line":1188,"column":6},"end":{"line":1191,"column":null}},"513":{"start":{"line":1189,"column":8},"end":{"line":1191,"column":null}},"514":{"start":{"line":1190,"column":10},"end":{"line":1190,"column":null}},"515":{"start":{"line":1191,"column":10},"end":{"line":1191,"column":null}},"516":{"start":{"line":1194,"column":6},"end":{"line":1194,"column":null}},"517":{"start":{"line":1194,"column":26},"end":{"line":1194,"column":null}},"518":{"start":{"line":1196,"column":6},"end":{"line":1196,"column":null}},"519":{"start":{"line":1197,"column":6},"end":{"line":1197,"column":null}},"520":{"start":{"line":1200,"column":25},"end":{"line":1200,"column":57}},"521":{"start":{"line":1201,"column":22},"end":{"line":1201,"column":72}},"522":{"start":{"line":1202,"column":6},"end":{"line":1202,"column":null}},"523":{"start":{"line":1204,"column":6},"end":{"line":1218,"column":null}},"524":{"start":{"line":1221,"column":4},"end":{"line":1221,"column":null}},"525":{"start":{"line":1227,"column":47},"end":{"line":1227,"column":49}},"526":{"start":{"line":1228,"column":17},"end":{"line":1228,"column":35}},"527":{"start":{"line":1231,"column":4},"end":{"line":1262,"column":null}},"528":{"start":{"line":1232,"column":6},"end":{"line":1262,"column":null}},"529":{"start":{"line":1233,"column":8},"end":{"line":1233,"column":null}},"530":{"start":{"line":1233,"column":26},"end":{"line":1233,"column":null}},"531":{"start":{"line":1235,"column":21},"end":{"line":1235,"column":47}},"532":{"start":{"line":1236,"column":8},"end":{"line":1236,"column":null}},"533":{"start":{"line":1236,"column":51},"end":{"line":1236,"column":null}},"534":{"start":{"line":1239,"column":29},"end":{"line":1239,"column":89}},"535":{"start":{"line":1240,"column":26},"end":{"line":1240,"column":null}},"536":{"start":{"line":1241,"column":8},"end":{"line":1241,"column":null}},"537":{"start":{"line":1241,"column":54},"end":{"line":1241,"column":null}},"538":{"start":{"line":1243,"column":8},"end":{"line":1243,"column":null}},"539":{"start":{"line":1244,"column":8},"end":{"line":1245,"column":null}},"540":{"start":{"line":1247,"column":8},"end":{"line":1261,"column":null}},"541":{"start":{"line":1266,"column":27},"end":{"line":1273,"column":null}},"542":{"start":{"line":1271,"column":19},"end":{"line":1271,"column":45}},"543":{"start":{"line":1272,"column":6},"end":{"line":1272,"column":null}},"544":{"start":{"line":1275,"column":4},"end":{"line":1303,"column":null}},"545":{"start":{"line":1276,"column":6},"end":{"line":1276,"column":null}},"546":{"start":{"line":1276,"column":28},"end":{"line":1276,"column":null}},"547":{"start":{"line":1278,"column":25},"end":{"line":1278,"column":74}},"548":{"start":{"line":1279,"column":6},"end":{"line":1279,"column":null}},"549":{"start":{"line":1279,"column":64},"end":{"line":1279,"column":null}},"550":{"start":{"line":1281,"column":25},"end":{"line":1281,"column":null}},"551":{"start":{"line":1282,"column":31},"end":{"line":1282,"column":85}},"552":{"start":{"line":1282,"column":61},"end":{"line":1282,"column":84}},"553":{"start":{"line":1283,"column":6},"end":{"line":1283,"column":null}},"554":{"start":{"line":1283,"column":29},"end":{"line":1283,"column":null}},"555":{"start":{"line":1285,"column":6},"end":{"line":1285,"column":null}},"556":{"start":{"line":1286,"column":6},"end":{"line":1287,"column":null}},"557":{"start":{"line":1289,"column":6},"end":{"line":1303,"column":null}},"558":{"start":{"line":1306,"column":4},"end":{"line":1306,"column":null}},"559":{"start":{"line":1320,"column":76},"end":{"line":1320,"column":78}},"560":{"start":{"line":1321,"column":49},"end":{"line":1321,"column":51}},"561":{"start":{"line":1323,"column":4},"end":{"line":1332,"column":null}},"562":{"start":{"line":1324,"column":6},"end":{"line":1326,"column":null}},"563":{"start":{"line":1325,"column":8},"end":{"line":1325,"column":null}},"564":{"start":{"line":1326,"column":8},"end":{"line":1326,"column":null}},"565":{"start":{"line":1328,"column":19},"end":{"line":1328,"column":53}},"566":{"start":{"line":1329,"column":6},"end":{"line":1332,"column":null}},"567":{"start":{"line":1330,"column":8},"end":{"line":1330,"column":null}},"568":{"start":{"line":1332,"column":8},"end":{"line":1332,"column":null}},"569":{"start":{"line":1336,"column":34},"end":{"line":1336,"column":36}},"570":{"start":{"line":1338,"column":4},"end":{"line":1365,"column":null}},"571":{"start":{"line":1338,"column":17},"end":{"line":1338,"column":20}},"572":{"start":{"line":1339,"column":34},"end":{"line":1339,"column":null}},"573":{"start":{"line":1340,"column":20},"end":{"line":1340,"column":null}},"574":{"start":{"line":1342,"column":17},"end":{"line":1342,"column":43}},"575":{"start":{"line":1343,"column":20},"end":{"line":1343,"column":null}},"576":{"start":{"line":1345,"column":6},"end":{"line":1360,"column":null}},"577":{"start":{"line":1345,"column":19},"end":{"line":1345,"column":22}},"578":{"start":{"line":1346,"column":8},"end":{"line":1346,"column":null}},"579":{"start":{"line":1346,"column":21},"end":{"line":1346,"column":null}},"580":{"start":{"line":1347,"column":36},"end":{"line":1347,"column":null}},"581":{"start":{"line":1348,"column":8},"end":{"line":1348,"column":null}},"582":{"start":{"line":1348,"column":56},"end":{"line":1348,"column":null}},"583":{"start":{"line":1351,"column":8},"end":{"line":1351,"column":null}},"584":{"start":{"line":1351,"column":31},"end":{"line":1351,"column":47}},"585":{"start":{"line":1351,"column":47},"end":{"line":1351,"column":null}},"586":{"start":{"line":1354,"column":8},"end":{"line":1360,"column":null}},"587":{"start":{"line":1355,"column":21},"end":{"line":1355,"column":47}},"588":{"start":{"line":1356,"column":24},"end":{"line":1356,"column":null}},"589":{"start":{"line":1358,"column":10},"end":{"line":1360,"column":null}},"590":{"start":{"line":1359,"column":12},"end":{"line":1359,"column":null}},"591":{"start":{"line":1360,"column":12},"end":{"line":1360,"column":null}},"592":{"start":{"line":1365,"column":6},"end":{"line":1365,"column":null}},"593":{"start":{"line":1365,"column":20},"end":{"line":1365,"column":null}},"594":{"start":{"line":1368,"column":19},"end":{"line":1368,"column":63}},"595":{"start":{"line":1368,"column":60},"end":{"line":1368,"column":62}},"596":{"start":{"line":1369,"column":20},"end":{"line":1369,"column":null}},"597":{"start":{"line":1370,"column":4},"end":{"line":1371,"column":null}},"598":{"start":{"line":1371,"column":6},"end":{"line":1371,"column":null}},"599":{"start":{"line":1374,"column":4},"end":{"line":1374,"column":null}},"600":{"start":{"line":1382,"column":39},"end":{"line":1382,"column":null}},"601":{"start":{"line":1383,"column":4},"end":{"line":1389,"column":null}},"602":{"start":{"line":1383,"column":22},"end":{"line":1383,"column":25}},"603":{"start":{"line":1384,"column":6},"end":{"line":1384,"column":null}},"604":{"start":{"line":1384,"column":33},"end":{"line":1384,"column":null}},"605":{"start":{"line":1386,"column":19},"end":{"line":1386,"column":null}},"606":{"start":{"line":1387,"column":36},"end":{"line":1387,"column":null}},"607":{"start":{"line":1388,"column":6},"end":{"line":1388,"column":null}},"608":{"start":{"line":1388,"column":40},"end":{"line":1388,"column":50}},"609":{"start":{"line":1388,"column":50},"end":{"line":1388,"column":null}},"610":{"start":{"line":1389,"column":6},"end":{"line":1389,"column":null}},"611":{"start":{"line":1389,"column":30},"end":{"line":1389,"column":null}},"612":{"start":{"line":1391,"column":4},"end":{"line":1391,"column":null}},"613":{"start":{"line":1396,"column":4},"end":{"line":1402,"column":null}},"614":{"start":{"line":1397,"column":21},"end":{"line":1398,"column":null}},"615":{"start":{"line":1400,"column":6},"end":{"line":1400,"column":null}},"616":{"start":{"line":1402,"column":6},"end":{"line":1402,"column":null}},"617":{"start":{"line":1413,"column":39},"end":{"line":1413,"column":null}},"618":{"start":{"line":1414,"column":4},"end":{"line":1418,"column":null}},"619":{"start":{"line":1414,"column":21},"end":{"line":1414,"column":24}},"620":{"start":{"line":1415,"column":6},"end":{"line":1416,"column":null}},"621":{"start":{"line":1416,"column":8},"end":{"line":1416,"column":null}},"622":{"start":{"line":1416,"column":42},"end":{"line":1416,"column":null}},"623":{"start":{"line":1418,"column":6},"end":{"line":1418,"column":null}},"624":{"start":{"line":1422,"column":23},"end":{"line":1422,"column":53}},"625":{"start":{"line":1423,"column":38},"end":{"line":1423,"column":null}},"626":{"start":{"line":1424,"column":18},"end":{"line":1424,"column":null}},"627":{"start":{"line":1426,"column":4},"end":{"line":1433,"column":null}},"628":{"start":{"line":1427,"column":19},"end":{"line":1427,"column":52}},"629":{"start":{"line":1428,"column":17},"end":{"line":1428,"column":null}},"630":{"start":{"line":1429,"column":17},"end":{"line":1429,"column":null}},"631":{"start":{"line":1430,"column":19},"end":{"line":1430,"column":47}},"632":{"start":{"line":1431,"column":6},"end":{"line":1433,"column":null}},"633":{"start":{"line":1432,"column":8},"end":{"line":1432,"column":null}},"634":{"start":{"line":1433,"column":8},"end":{"line":1433,"column":null}},"635":{"start":{"line":1437,"column":4},"end":{"line":1437,"column":null}},"636":{"start":{"line":1442,"column":4},"end":{"line":1444,"column":null}},"637":{"start":{"line":1443,"column":17},"end":{"line":1443,"column":79}},"638":{"start":{"line":1444,"column":6},"end":{"line":1444,"column":null}},"639":{"start":{"line":1444,"column":27},"end":{"line":1444,"column":null}},"640":{"start":{"line":1446,"column":4},"end":{"line":1446,"column":null}},"641":{"start":{"line":1461,"column":17},"end":{"line":1461,"column":87}},"642":{"start":{"line":1462,"column":4},"end":{"line":1462,"column":null}},"643":{"start":{"line":1462,"column":33},"end":{"line":1462,"column":null}},"644":{"start":{"line":1464,"column":24},"end":{"line":1464,"column":null}},"645":{"start":{"line":1465,"column":24},"end":{"line":1465,"column":null}},"646":{"start":{"line":1466,"column":10},"end":{"line":1468,"column":null}},"647":{"start":{"line":1467,"column":6},"end":{"line":1467,"column":null}},"648":{"start":{"line":1467,"column":30},"end":{"line":1467,"column":null}},"649":{"start":{"line":1468,"column":6},"end":{"line":1468,"column":null}},"650":{"start":{"line":1468,"column":44},"end":{"line":1468,"column":55}},"651":{"start":{"line":1471,"column":4},"end":{"line":1482,"column":null}},"652":{"start":{"line":1473,"column":21},"end":{"line":1473,"column":61}},"653":{"start":{"line":1474,"column":8},"end":{"line":1474,"column":null}},"654":{"start":{"line":1476,"column":8},"end":{"line":1477,"column":null}},"655":{"start":{"line":1477,"column":10},"end":{"line":1477,"column":null}},"656":{"start":{"line":1486,"column":4},"end":{"line":1496,"column":null}},"657":{"start":{"line":1488,"column":6},"end":{"line":1488,"column":null}},"658":{"start":{"line":1488,"column":30},"end":{"line":1488,"column":null}},"659":{"start":{"line":1490,"column":21},"end":{"line":1492,"column":null}},"660":{"start":{"line":1490,"column":43},"end":{"line":1490,"column":67}},"661":{"start":{"line":1493,"column":6},"end":{"line":1493,"column":null}},"662":{"start":{"line":1495,"column":6},"end":{"line":1495,"column":null}},"663":{"start":{"line":1495,"column":44},"end":{"line":1495,"column":55}},"664":{"start":{"line":1497,"column":4},"end":{"line":1503,"column":null}},"665":{"start":{"line":1507,"column":30},"end":{"line":1507,"column":61}},"666":{"start":{"line":1508,"column":4},"end":{"line":1510,"column":null}},"667":{"start":{"line":1509,"column":6},"end":{"line":1509,"column":null}},"668":{"start":{"line":1510,"column":6},"end":{"line":1510,"column":null}},"669":{"start":{"line":1512,"column":4},"end":{"line":1512,"column":null}},"670":{"start":{"line":1512,"column":46},"end":{"line":1512,"column":57}},"671":{"start":{"line":1516,"column":4},"end":{"line":1516,"column":null}}},"fnMap":{"0":{"name":"makeTextWalker","decl":{"start":{"line":16,"column":9},"end":{"line":16,"column":38}},"loc":{"start":{"line":16,"column":38},"end":{"line":21,"column":null}},"line":16},"1":{"name":"(anonymous_1)","decl":{"start":{"line":20,"column":6},"end":{"line":20,"column":19}},"loc":{"start":{"line":20,"column":25},"end":{"line":20,"column":131}},"line":20},"2":{"name":"analyzeTimerSource","decl":{"start":{"line":52,"column":9},"end":{"line":52,"column":28}},"loc":{"start":{"line":52,"column":58},"end":{"line":88,"column":null}},"line":52},"3":{"name":"(anonymous_3)","decl":{"start":{"line":55,"column":50},"end":{"line":55,"column":null}},"loc":{"start":{"line":56,"column":11},"end":{"line":56,"column":58}},"line":56},"4":{"name":"(anonymous_4)","decl":{"start":{"line":62,"column":5},"end":{"line":62,"column":10}},"loc":{"start":{"line":62,"column":16},"end":{"line":62,"column":36}},"line":62},"5":{"name":"(anonymous_5)","decl":{"start":{"line":183,"column":2},"end":{"line":183,"column":15}},"loc":{"start":{"line":183,"column":15},"end":{"line":187,"column":null}},"line":183},"6":{"name":"(anonymous_6)","decl":{"start":{"line":190,"column":2},"end":{"line":190,"column":10}},"loc":{"start":{"line":190,"column":23},"end":{"line":230,"column":null}},"line":190},"7":{"name":"(anonymous_7)","decl":{"start":{"line":234,"column":2},"end":{"line":234,"column":10}},"loc":{"start":{"line":234,"column":52},"end":{"line":305,"column":null}},"line":234},"8":{"name":"(anonymous_8)","decl":{"start":{"line":239,"column":55},"end":{"line":239,"column":64}},"loc":{"start":{"line":239,"column":71},"end":{"line":302,"column":null}},"line":239},"9":{"name":"(anonymous_9)","decl":{"start":{"line":252,"column":14},"end":{"line":252,"column":58}},"loc":{"start":{"line":252,"column":58},"end":{"line":285,"column":null}},"line":252},"10":{"name":"(anonymous_10)","decl":{"start":{"line":309,"column":2},"end":{"line":309,"column":10}},"loc":{"start":{"line":309,"column":55},"end":{"line":387,"column":null}},"line":309},"11":{"name":"(anonymous_11)","decl":{"start":{"line":315,"column":55},"end":{"line":315,"column":64}},"loc":{"start":{"line":315,"column":71},"end":{"line":349,"column":null}},"line":315},"12":{"name":"(anonymous_12)","decl":{"start":{"line":322,"column":46},"end":{"line":322,"column":52}},"loc":{"start":{"line":322,"column":59},"end":{"line":322,"column":76}},"line":322},"13":{"name":"(anonymous_13)","decl":{"start":{"line":359,"column":44},"end":{"line":359,"column":50}},"loc":{"start":{"line":359,"column":57},"end":{"line":359,"column":74}},"line":359},"14":{"name":"(anonymous_14)","decl":{"start":{"line":391,"column":2},"end":{"line":391,"column":10}},"loc":{"start":{"line":391,"column":61},"end":{"line":453,"column":null}},"line":391},"15":{"name":"(anonymous_15)","decl":{"start":{"line":396,"column":10},"end":{"line":396,"column":27}},"loc":{"start":{"line":396,"column":95},"end":{"line":425,"column":null}},"line":396},"16":{"name":"(anonymous_16)","decl":{"start":{"line":430,"column":60},"end":{"line":430,"column":69}},"loc":{"start":{"line":430,"column":76},"end":{"line":437,"column":null}},"line":430},"17":{"name":"(anonymous_17)","decl":{"start":{"line":444,"column":6},"end":{"line":444,"column":15}},"loc":{"start":{"line":444,"column":22},"end":{"line":451,"column":null}},"line":444},"18":{"name":"(anonymous_18)","decl":{"start":{"line":457,"column":2},"end":{"line":457,"column":10}},"loc":{"start":{"line":457,"column":65},"end":{"line":538,"column":null}},"line":457},"19":{"name":"(anonymous_19)","decl":{"start":{"line":472,"column":26},"end":{"line":472,"column":32}},"loc":{"start":{"line":472,"column":39},"end":{"line":472,"column":56}},"line":472},"20":{"name":"(anonymous_20)","decl":{"start":{"line":473,"column":31},"end":{"line":473,"column":37}},"loc":{"start":{"line":473,"column":44},"end":{"line":473,"column":61}},"line":473},"21":{"name":"(anonymous_21)","decl":{"start":{"line":543,"column":2},"end":{"line":543,"column":10}},"loc":{"start":{"line":543,"column":55},"end":{"line":588,"column":null}},"line":543},"22":{"name":"(anonymous_22)","decl":{"start":{"line":548,"column":55},"end":{"line":548,"column":64}},"loc":{"start":{"line":548,"column":71},"end":{"line":585,"column":null}},"line":548},"23":{"name":"(anonymous_23)","decl":{"start":{"line":558,"column":35},"end":{"line":558,"column":41}},"loc":{"start":{"line":558,"column":48},"end":{"line":558,"column":69}},"line":558},"24":{"name":"(anonymous_24)","decl":{"start":{"line":601,"column":2},"end":{"line":601,"column":10}},"loc":{"start":{"line":601,"column":55},"end":{"line":621,"column":null}},"line":601},"25":{"name":"(anonymous_25)","decl":{"start":{"line":603,"column":10},"end":{"line":603,"column":25}},"loc":{"start":{"line":603,"column":51},"end":{"line":608,"column":null}},"line":603},"26":{"name":"(anonymous_26)","decl":{"start":{"line":617,"column":44},"end":{"line":617,"column":53}},"loc":{"start":{"line":617,"column":63},"end":{"line":619,"column":null}},"line":617},"27":{"name":"(anonymous_27)","decl":{"start":{"line":626,"column":2},"end":{"line":626,"column":10}},"loc":{"start":{"line":626,"column":60},"end":{"line":674,"column":null}},"line":626},"28":{"name":"(anonymous_28)","decl":{"start":{"line":635,"column":44},"end":{"line":635,"column":50}},"loc":{"start":{"line":635,"column":59},"end":{"line":635,"column":78}},"line":635},"29":{"name":"(anonymous_29)","decl":{"start":{"line":679,"column":2},"end":{"line":679,"column":10}},"loc":{"start":{"line":679,"column":56},"end":{"line":743,"column":null}},"line":679},"30":{"name":"(anonymous_30)","decl":{"start":{"line":683,"column":10},"end":{"line":683,"column":28}},"loc":{"start":{"line":683,"column":72},"end":{"line":722,"column":null}},"line":683},"31":{"name":"(anonymous_31)","decl":{"start":{"line":695,"column":52},"end":{"line":695,"column":null}},"loc":{"start":{"line":696,"column":15},"end":{"line":696,"column":null}},"line":696},"32":{"name":"(anonymous_32)","decl":{"start":{"line":727,"column":55},"end":{"line":727,"column":64}},"loc":{"start":{"line":727,"column":71},"end":{"line":727,"column":99}},"line":727},"33":{"name":"(anonymous_33)","decl":{"start":{"line":748,"column":2},"end":{"line":748,"column":10}},"loc":{"start":{"line":748,"column":55},"end":{"line":808,"column":null}},"line":748},"34":{"name":"(anonymous_34)","decl":{"start":{"line":757,"column":47},"end":{"line":757,"column":53}},"loc":{"start":{"line":757,"column":62},"end":{"line":757,"column":81}},"line":757},"35":{"name":"(anonymous_35)","decl":{"start":{"line":813,"column":2},"end":{"line":813,"column":10}},"loc":{"start":{"line":813,"column":63},"end":{"line":858,"column":null}},"line":813},"36":{"name":"(anonymous_36)","decl":{"start":{"line":823,"column":54},"end":{"line":823,"column":60}},"loc":{"start":{"line":823,"column":66},"end":{"line":823,"column":82}},"line":823},"37":{"name":"(anonymous_37)","decl":{"start":{"line":863,"column":2},"end":{"line":863,"column":10}},"loc":{"start":{"line":863,"column":50},"end":{"line":903,"column":null}},"line":863},"38":{"name":"(anonymous_38)","decl":{"start":{"line":868,"column":55},"end":{"line":868,"column":64}},"loc":{"start":{"line":868,"column":71},"end":{"line":900,"column":null}},"line":868},"39":{"name":"(anonymous_39)","decl":{"start":{"line":877,"column":45},"end":{"line":877,"column":51}},"loc":{"start":{"line":877,"column":58},"end":{"line":877,"column":77}},"line":877},"40":{"name":"(anonymous_40)","decl":{"start":{"line":878,"column":46},"end":{"line":878,"column":52}},"loc":{"start":{"line":878,"column":59},"end":{"line":878,"column":78}},"line":878},"41":{"name":"(anonymous_41)","decl":{"start":{"line":908,"column":2},"end":{"line":908,"column":10}},"loc":{"start":{"line":908,"column":56},"end":{"line":996,"column":null}},"line":908},"42":{"name":"(anonymous_42)","decl":{"start":{"line":914,"column":55},"end":{"line":914,"column":64}},"loc":{"start":{"line":914,"column":71},"end":{"line":948,"column":null}},"line":914},"43":{"name":"(anonymous_43)","decl":{"start":{"line":926,"column":46},"end":{"line":926,"column":52}},"loc":{"start":{"line":926,"column":58},"end":{"line":926,"column":77}},"line":926},"44":{"name":"(anonymous_44)","decl":{"start":{"line":958,"column":40},"end":{"line":958,"column":46}},"loc":{"start":{"line":958,"column":52},"end":{"line":958,"column":68}},"line":958},"45":{"name":"(anonymous_45)","decl":{"start":{"line":970,"column":44},"end":{"line":970,"column":50}},"loc":{"start":{"line":970,"column":56},"end":{"line":970,"column":75}},"line":970},"46":{"name":"(anonymous_46)","decl":{"start":{"line":1001,"column":2},"end":{"line":1001,"column":10}},"loc":{"start":{"line":1001,"column":57},"end":{"line":1118,"column":null}},"line":1001},"47":{"name":"(anonymous_47)","decl":{"start":{"line":1007,"column":55},"end":{"line":1007,"column":64}},"loc":{"start":{"line":1007,"column":71},"end":{"line":1035,"column":null}},"line":1007},"48":{"name":"(anonymous_48)","decl":{"start":{"line":1010,"column":45},"end":{"line":1010,"column":51}},"loc":{"start":{"line":1010,"column":57},"end":{"line":1010,"column":73}},"line":1010},"49":{"name":"(anonymous_49)","decl":{"start":{"line":1050,"column":38},"end":{"line":1050,"column":44}},"loc":{"start":{"line":1050,"column":50},"end":{"line":1050,"column":69}},"line":1050},"50":{"name":"(anonymous_50)","decl":{"start":{"line":1070,"column":43},"end":{"line":1070,"column":49}},"loc":{"start":{"line":1070,"column":55},"end":{"line":1070,"column":71}},"line":1070},"51":{"name":"(anonymous_51)","decl":{"start":{"line":1124,"column":2},"end":{"line":1124,"column":10}},"loc":{"start":{"line":1124,"column":57},"end":{"line":1221,"column":null}},"line":1124},"52":{"name":"(anonymous_52)","decl":{"start":{"line":1130,"column":55},"end":{"line":1130,"column":64}},"loc":{"start":{"line":1130,"column":71},"end":{"line":1160,"column":null}},"line":1130},"53":{"name":"(anonymous_53)","decl":{"start":{"line":1226,"column":2},"end":{"line":1226,"column":10}},"loc":{"start":{"line":1226,"column":55},"end":{"line":1306,"column":null}},"line":1226},"54":{"name":"(anonymous_54)","decl":{"start":{"line":1232,"column":55},"end":{"line":1232,"column":64}},"loc":{"start":{"line":1232,"column":71},"end":{"line":1262,"column":null}},"line":1232},"55":{"name":"(anonymous_55)","decl":{"start":{"line":1270,"column":6},"end":{"line":1270,"column":14}},"loc":{"start":{"line":1270,"column":21},"end":{"line":1273,"column":null}},"line":1270},"56":{"name":"(anonymous_56)","decl":{"start":{"line":1282,"column":48},"end":{"line":1282,"column":54}},"loc":{"start":{"line":1282,"column":61},"end":{"line":1282,"column":84}},"line":1282},"57":{"name":"(anonymous_57)","decl":{"start":{"line":1318,"column":2},"end":{"line":1318,"column":10}},"loc":{"start":{"line":1318,"column":93},"end":{"line":1374,"column":null}},"line":1318},"58":{"name":"(anonymous_58)","decl":{"start":{"line":1368,"column":45},"end":{"line":1368,"column":50}},"loc":{"start":{"line":1368,"column":60},"end":{"line":1368,"column":62}},"line":1368},"59":{"name":"(anonymous_59)","decl":{"start":{"line":1381,"column":2},"end":{"line":1381,"column":10}},"loc":{"start":{"line":1381,"column":85},"end":{"line":1391,"column":null}},"line":1381},"60":{"name":"(anonymous_60)","decl":{"start":{"line":1395,"column":2},"end":{"line":1395,"column":10}},"loc":{"start":{"line":1395,"column":58},"end":{"line":1402,"column":null}},"line":1395},"61":{"name":"(anonymous_61)","decl":{"start":{"line":1411,"column":2},"end":{"line":1411,"column":10}},"loc":{"start":{"line":1411,"column":95},"end":{"line":1437,"column":null}},"line":1411},"62":{"name":"(anonymous_62)","decl":{"start":{"line":1441,"column":2},"end":{"line":1441,"column":10}},"loc":{"start":{"line":1441,"column":60},"end":{"line":1446,"column":null}},"line":1441},"63":{"name":"(anonymous_63)","decl":{"start":{"line":1460,"column":2},"end":{"line":1460,"column":10}},"loc":{"start":{"line":1460,"column":44},"end":{"line":1482,"column":null}},"line":1460},"64":{"name":"(anonymous_64)","decl":{"start":{"line":1466,"column":10},"end":{"line":1466,"column":32}},"loc":{"start":{"line":1466,"column":32},"end":{"line":1468,"column":null}},"line":1466},"65":{"name":"(anonymous_65)","decl":{"start":{"line":1468,"column":27},"end":{"line":1468,"column":44}},"loc":{"start":{"line":1468,"column":44},"end":{"line":1468,"column":55}},"line":1468},"66":{"name":"(anonymous_66)","decl":{"start":{"line":1472,"column":6},"end":{"line":1472,"column":34}},"loc":{"start":{"line":1472,"column":50},"end":{"line":1477,"column":null}},"line":1472},"67":{"name":"(anonymous_67)","decl":{"start":{"line":1485,"column":2},"end":{"line":1485,"column":10}},"loc":{"start":{"line":1485,"column":38},"end":{"line":1503,"column":null}},"line":1485},"68":{"name":"(anonymous_68)","decl":{"start":{"line":1486,"column":24},"end":{"line":1486,"column":42}},"loc":{"start":{"line":1486,"column":56},"end":{"line":1496,"column":null}},"line":1486},"69":{"name":"(anonymous_69)","decl":{"start":{"line":1490,"column":31},"end":{"line":1490,"column":37}},"loc":{"start":{"line":1490,"column":43},"end":{"line":1490,"column":67}},"line":1490},"70":{"name":"(anonymous_70)","decl":{"start":{"line":1495,"column":27},"end":{"line":1495,"column":44}},"loc":{"start":{"line":1495,"column":44},"end":{"line":1495,"column":55}},"line":1495},"71":{"name":"(anonymous_71)","decl":{"start":{"line":1506,"column":2},"end":{"line":1506,"column":10}},"loc":{"start":{"line":1506,"column":37},"end":{"line":1512,"column":null}},"line":1506},"72":{"name":"(anonymous_72)","decl":{"start":{"line":1508,"column":12},"end":{"line":1508,"column":25}},"loc":{"start":{"line":1508,"column":37},"end":{"line":1510,"column":null}
[...]
:1283:Infinity":554,"s:1285:6:1285:Infinity":555,"s:1286:6:1287:Infinity":556,"s:1289:6:1303:Infinity":557,"s:1306:4:1306:Infinity":558,"f:1318:2:1318:10":57,"s:1320:76:1320:78":559,"s:1321:49:1321:51":560,"s:1323:4:1332:Infinity":561,"b:1324:6:1326:Infinity:undefined:undefined:undefined:undefined":210,"s:1324:6:1326:Infinity":562,"s:1325:8:1325:Infinity":563,"s:1326:8:1326:Infinity":564,"s:1328:19:1328:53":565,"b:1329:6:1332:Infinity:1331:13:1332:Infinity":211,"s:1329:6:1332:Infinity":566,"s:1330:8:1330:Infinity":567,"s:1332:8:1332:Infinity":568,"s:1336:34:1336:36":569,"s:1338:4:1365:Infinity":570,"s:1338:17:1338:20":571,"s:1339:34:1339:Infinity":572,"s:1340:20:1340:Infinity":573,"s:1342:17:1342:43":574,"s:1343:20:1343:Infinity":575,"s:1345:6:1360:Infinity":576,"s:1345:19:1345:22":577,"b:1346:8:1346:Infinity:undefined:undefined:undefined:undefined":212,"s:1346:8:1346:Infinity":578,"s:1346:21:1346:Infinity":579,"s:1347:36:1347:Infinity":580,"b:1348:8:1348:Infinity:undefined:undefined:undefined:undefined":213,"s:1348:8:1348:Infinity":581,"b:1348:12:1348:45:1348:45:1348:56":214,"s:1348:56:1348:Infinity":582,"b:1351:8:1351:Infinity:undefined:undefined:undefined:undefined":215,"s:1351:8:1351:Infinity":583,"s:1351:31:1351:47":584,"s:1351:47:1351:Infinity":585,"b:1354:8:1360:Infinity:undefined:undefined:undefined:undefined":216,"s:1354:8:1360:Infinity":586,"s:1355:21:1355:47":587,"s:1356:24:1356:Infinity":588,"b:1358:10:1360:Infinity:undefined:undefined:undefined:undefined":217,"s:1358:10:1360:Infinity":589,"b:1358:14:1358:32:1358:32:1358:51:1358:51:1358:59":218,"s:1359:12:1359:Infinity":590,"s:1360:12:1360:Infinity":591,"b:1365:6:1365:Infinity:undefined:undefined:undefined:undefined":219,"s:1365:6:1365:Infinity":592,"s:1365:20:1365:Infinity":593,"s:1368:19:1368:63":594,"f:1368:45:1368:50":58,"s:1368:60:1368:62":595,"s:1369:20:1369:Infinity":596,"b:1370:4:1371:Infinity:undefined:undefined:undefined:undefined":220,"s:1370:4:1371:Infinity":597,"s:1371:6:1371:Infinity":598,"s:1374:4:1374:Infinity":599,"f:1381:2:1381:10":59,"s:1382:39:1382:Infinity":600,"s:1383:4:1389:Infinity":601,"s:1383:22:1383:25":602,"b:1383:25:1383:46:1383:46:1383:56":221,"b:1384:6:1384:Infinity:undefined:undefined:undefined:undefined":222,"s:1384:6:1384:Infinity":603,"s:1384:33:1384:Infinity":604,"s:1386:19:1386:Infinity":605,"s:1387:36:1387:Infinity":606,"s:1388:6:1388:Infinity":607,"b:1388:13:1388:20:1388:20:1388:38":223,"s:1388:40:1388:50":608,"s:1388:50:1388:Infinity":609,"b:1389:6:1389:Infinity:undefined:undefined:undefined:undefined":224,"s:1389:6:1389:Infinity":610,"s:1389:30:1389:Infinity":611,"s:1391:4:1391:Infinity":612,"f:1395:2:1395:10":60,"s:1396:4:1402:Infinity":613,"s:1397:21:1398:Infinity":614,"s:1400:6:1400:Infinity":615,"s:1402:6:1402:Infinity":616,"f:1411:2:1411:10":61,"s:1413:39:1413:Infinity":617,"s:1414:4:1418:Infinity":618,"s:1414:21:1414:24":619,"b:1414:24:1414:37:1414:37:1414:47":225,"s:1415:6:1416:Infinity":620,"b:1416:8:1416:Infinity:undefined:undefined:undefined:undefined":226,"s:1416:8:1416:Infinity":621,"s:1416:42:1416:Infinity":622,"s:1418:6:1418:Infinity":623,"s:1422:23:1422:53":624,"s:1423:38:1423:Infinity":625,"s:1424:18:1424:Infinity":626,"s:1426:4:1433:Infinity":627,"s:1427:19:1427:52":628,"s:1428:17:1428:Infinity":629,"s:1429:17:1429:Infinity":630,"s:1430:19:1430:47":631,"b:1431:6:1433:Infinity:undefined:undefined:undefined:undefined":227,"s:1431:6:1433:Infinity":632,"b:1431:10:1431:28:1431:28:1431:41":228,"s:1432:8:1432:Infinity":633,"s:1433:8:1433:Infinity":634,"s:1437:4:1437:Infinity":635,"f:1441:2:1441:10":62,"b:1442:4:1444:Infinity:undefined:undefined:undefined:undefined":229,"s:1442:4:1444:Infinity":636,"s:1443:17:1443:79":637,"b:1444:6:1444:Infinity:undefined:undefined:undefined:undefined":230,"s:1444:6:1444:Infinity":638,"s:1444:27:1444:Infinity":639,"s:1446:4:1446:Infinity":640,"b:1446:11:1446:50:1446:50:1446:Infinity":231,"f:1460:2:1460:10":63,"s:1461:17:1461:87":641,"b:1462:4:1462:Infinity:undefined:undefined:undefined:undefined":232,"s:1462:4:1462:Infinity":642,"b:1462:8:1462:22:1462:22:1462:33":233,"s:1462:33:1462:Infinity":643,"s:1464:24:1464:Infinity":644,"s:1465:24:1465:Infinity":645,"s:1466:10:1468:Infinity":646,"f:1466:10:1466:32":64,"b:1467:6:1467:Infinity:undefined:undefined:undefined:undefined":234,"s:1467:6:1467:Infinity":647,"s:1467:30:1467:Infinity":648,"s:1468:6:1468:Infinity":649,"f:1468:27:1468:44":65,"s:1468:44:1468:55":650,"s:1471:4:1482:Infinity":651,"f:1472:6:1472:34":66,"s:1473:21:1473:61":652,"s:1474:8:1474:Infinity":653,"b:1476:8:1477:Infinity:undefined:undefined:undefined:undefined":235,"s:1476:8:1477:Infinity":654,"b:1476:12:1476:21:1476:21:1476:29:1476:29:1476:51":236,"s:1477:10:1477:Infinity":655,"f:1485:2:1485:10":67,"s:1486:4:1496:Infinity":656,"f:1486:24:1486:42":68,"b:1488:6:1488:Infinity:undefined:undefined:undefined:undefined":237,"s:1488:6:1488:Infinity":657,"s:1488:30:1488:Infinity":658,"s:1490:21:1492:Infinity":659,"b:1491:10:1491:Infinity:1492:10:1492:Infinity":238,"f:1490:31:1490:37":69,"s:1490:43:1490:67":660,"s:1493:6:1493:Infinity":661,"s:1495:6:1495:Infinity":662,"f:1495:27:1495:44":70,"s:1495:44:1495:55":663,"s:1497:4:1503:Infinity":664,"f:1506:2:1506:10":71,"s:1507:30:1507:61":665,"s:1508:4:1510:Infinity":666,"f:1508:12:1508:25":72,"s:1509:6:1509:Infinity":667,"s:1510:6:1510:Infinity":668,"s:1512:4:1512:Infinity":669,"f:1512:28:1512:46":73,"s:1512:46:1512:57":670,"f:1515:2:1515:10":74,"s:1516:4:1516:Infinity":671}}}
,"E:\\darkscanner\\src\\utils\\debug-logger.ts": {"path":"E:\\darkscanner\\src\\utils\\debug-logger.ts","statementMap":{"0":{"start":{"line":3,"column":28},"end":{"line":3,"column":null}},"1":{"start":{"line":5,"column":10},"end":{"line":5,"column":null}},"2":{"start":{"line":8,"column":22},"end":{"line":34,"column":null}},"3":{"start":{"line":10,"column":4},"end":{"line":11,"column":null}},"4":{"start":{"line":11,"column":6},"end":{"line":11,"column":null}},"5":{"start":{"line":15,"column":4},"end":{"line":16,"column":null}},"6":{"start":{"line":16,"column":6},"end":{"line":16,"column":null}},"7":{"start":{"line":20,"column":4},"end":{"line":21,"column":null}},"8":{"start":{"line":21,"column":6},"end":{"line":21,"column":null}},"9":{"start":{"line":25,"column":4},"end":{"line":26,"column":null}},"10":{"start":{"line":26,"column":6},"end":{"line":26,"column":null}},"11":{"start":{"line":30,"column":4},"end":{"line":31,"column":null}},"12":{"start":{"line":31,"column":6},"end":{"line":31,"column":null}}},"fnMap":{"0":{"name":"(anonymous_0)","decl":{"start":{"line":9,"column":2},"end":{"line":9,"column":9}},"loc":{"start":{"line":9,"column":33},"end":{"line":11,"column":null}},"line":9},"1":{"name":"(anonymous_1)","decl":{"start":{"line":14,"column":2},"end":{"line":14,"column":12}},"loc":{"start":{"line":14,"column":23},"end":{"line":16,"column":null}},"line":14},"2":{"name":"(anonymous_2)","decl":{"start":{"line":19,"column":2},"end":{"line":19,"column":7}},"loc":{"start":{"line":19,"column":49},"end":{"line":21,"column":null}},"line":19},"3":{"name":"(anonymous_3)","decl":{"start":{"line":24,"column":2},"end":{"line":24,"column":8}},"loc":{"start":{"line":24,"column":50},"end":{"line":26,"column":null}},"line":24},"4":{"name":"(anonymous_4)","decl":{"start":{"line":29,"column":2},"end":{"line":29,"column":14}},"loc":{"start":{"line":29,"column":59},"end":{"line":31,"column":null}},"line":29}},"branchMap":{"0":{"loc":{"start":{"line":10,"column":4},"end":{"line":11,"column":null}},"type":"if","locations":[{"start":{"line":10,"column":4},"end":{"line":11,"column":null}},{"start":{},"end":{}}],"line":10},"1":{"loc":{"start":{"line":10,"column":8},"end":{"line":10,"column":71}},"type":"binary-expr","locations":[{"start":{"line":10,"column":8},"end":{"line":10,"column":22}},{"start":{"line":10,"column":22},"end":{"line":10,"column":56}},{"start":{"line":10,"column":56},"end":{"line":10,"column":71}}],"line":10},"2":{"loc":{"start":{"line":15,"column":4},"end":{"line":16,"column":null}},"type":"if","locations":[{"start":{"line":15,"column":4},"end":{"line":16,"column":null}},{"start":{},"end":{}}],"line":15},"3":{"loc":{"start":{"line":15,"column":8},"end":{"line":15,"column":74}},"type":"binary-expr","locations":[{"start":{"line":15,"column":8},"end":{"line":15,"column":22}},{"start":{"line":15,"column":22},"end":{"line":15,"column":56}},{"start":{"line":15,"column":56},"end":{"line":15,"column":74}}],"line":15},"4":{"loc":{"start":{"line":20,"column":4},"end":{"line":21,"column":null}},"type":"if","locations":[{"start":{"line":20,"column":4},"end":{"line":21,"column":null}},{"start":{},"end":{}}],"line":20},"5":{"loc":{"start":{"line":20,"column":8},"end":{"line":20,"column":54}},"type":"binary-expr","locations":[{"start":{"line":20,"column":8},"end":{"line":20,"column":22}},{"start":{"line":20,"column":22},"end":{"line":20,"column":54}}],"line":20},"6":{"loc":{"start":{"line":25,"column":4},"end":{"line":26,"column":null}},"type":"if","locations":[{"start":{"line":25,"column":4},"end":{"line":26,"column":null}},{"start":{},"end":{}}],"line":25},"7":{"loc":{"start":{"line":25,"column":8},"end":{"line":25,"column":54}},"type":"binary-expr","locations":[{"start":{"line":25,"column":8},"end":{"line":25,"column":22}},{"start":{"line":25,"column":22},"end":{"line":25,"column":54}}],"line":25},"8":{"loc":{"start":{"line":30,"column":4},"end":{"line":31,"column":null}},"type":"if","locations":[{"start":{"line":30,"column":4},"end":{"line":31,"column":null}},{"start":{},"end":{}}],"line":30},"9":{"loc":{"start":{"line":30,"column":8},"end":{"line":30,"column":79}},"type":"binary-expr","locations":[{"start":{"line":30,"column":8},"end":{"line":30,"column":22}},{"start":{"line":30,"column":22},"end":{"line":30,"column":56}},{"start":{"line":30,"column":56},"end":{"line":30,"column":79}}],"line":30}},"s":{"0":1,"1":1,"2":1,"3":75,"4":0,"5":75,"6":0,"7":5681,"8":0,"9":2,"10":0,"11":75,"12":0},"f":{"0":1,"1":1,"2":1,"3":1,"4":1},"b":{"0":[0,75],"1":[75,0,0],"2":[0,75],"3":[75,0,0],"4":[0,5681],"5":[5681,0],"6":[0,2],"7":[2,0],"8":[0,75],"9":[75,0,0]},"meta":{"lastBranch":10,"lastFunction":5,"lastStatement":13,"seen":{"s:3:28:3:Infinity":0,"s:5:10:5:Infinity":1,"s:8:22:34:Infinity":2,"f:9:2:9:9":0,"b:10:4:11:Infinity:undefined:undefined:undefined:undefined":0,"s:10:4:11:Infinity":3,"b:10:8:10:22:10:22:10:56:10:56:10:71":1,"s:11:6:11:Infinity":4,"f:14:2:14:12":1,"b:15:4:16:Infinity:undefined:undefined:undefined:undefined":2,"s:15:4:16:Infinity":5,"b:15:8:15:22:15:22:15:56:15:56:15:74":3,"s:16:6:16:Infinity":6,"f:19:2:19:7":2,"b:20:4:21:Infinity:undefined:undefined:undefined:undefined":4,"s:20:4:21:Infinity":7,"b:20:8:20:22:20:22:20:54":5,"s:21:6:21:Infinity":8,"f:24:2:24:8":3,"b:25:4:26:Infinity:undefined:undefined:undefined:undefined":6,"s:25:4:26:Infinity":9,"b:25:8:25:22:25:22:25:54":7,"s:26:6:26:Infinity":10,"f:29:2:29:14":4,"b:30:4:31:Infinity:undefined:undefined:undefined:undefined":8,"s:30:4:31:Infinity":11,"b:30:8:30:22:30:22:30:56:30:56:30:79":9,"s:31:6:31:Infinity":12}}}
,"E:\\darkscanner\\src\\utils\\element.ts": {"path":"E:\\darkscanner\\src\\utils\\element.ts","statementMap":{"0":{"start":{"line":7,"column":12},"end":{"line":7,"column":91}},"1":{"start":{"line":8,"column":2},"end":{"line":8,"column":null}},"2":{"start":{"line":8,"column":10},"end":{"line":8,"column":null}},"3":{"start":{"line":9,"column":2},"end":{"line":14,"column":null}},"4":{"start":{"line":19,"column":12},"end":{"line":19,"column":null}},"5":{"start":{"line":20,"column":2},"end":{"line":20,"column":null}},"6":{"start":{"line":25,"column":2},"end":{"line":25,"column":null}},"7":{"start":{"line":34,"column":36},"end":{"line":34,"column":null}},"8":{"start":{"line":35,"column":2},"end":{"line":38,"column":null}},"9":{"start":{"line":36,"column":17},"end":{"line":36,"column":69}},"10":{"start":{"line":37,"column":4},"end":{"line":37,"column":null}},"11":{"start":{"line":37,"column":29},"end":{"line":37,"column":null}},"12":{"start":{"line":38,"column":4},"end":{"line":38,"column":null}},"13":{"start":{"line":40,"column":2},"end":{"line":40,"column":null}},"14":{"start":{"line":48,"column":19},"end":{"line":48,"column":56}},"15":{"start":{"line":49,"column":2},"end":{"line":49,"column":null}},"16":{"start":{"line":49,"column":17},"end":{"line":49,"column":null}},"17":{"start":{"line":51,"column":26},"end":{"line":51,"column":49}},"18":{"start":{"line":52,"column":17},"end":{"line":52,"column":73}},"19":{"start":{"line":53,"column":17},"end":{"line":53,"column":49}},"20":{"start":{"line":55,"column":18},"end":{"line":55,"column":40}},"21":{"start":{"line":56,"column":18},"end":{"line":56,"column":40}},"22":{"start":{"line":57,"column":2},"end":{"line":57,"column":null}},"23":{"start":{"line":63,"column":15},"end":{"line":63,"column":41}},"24":{"start":{"line":64,"column":2},"end":{"line":73,"column":null}},"25":{"start":{"line":77,"column":2},"end":{"line":77,"column":null}},"26":{"start":{"line":77,"column":13},"end":{"line":77,"column":null}},"27":{"start":{"line":79,"column":26},"end":{"line":79,"column":28}},"28":{"start":{"line":80,"column":36},"end":{"line":80,"column":null}},"29":{"start":{"line":82,"column":2},"end":{"line":91,"column":null}},"30":{"start":{"line":83,"column":16},"end":{"line":83,"column":null}},"31":{"start":{"line":84,"column":18},"end":{"line":84,"column":null}},"32":{"start":{"line":85,"column":4},"end":{"line":87,"column":null}},"33":{"start":{"line":86,"column":6},"end":{"line":86,"column":null}},"34":{"start":{"line":86,"column":47},"end":{"line":86,"column":null}},"35":{"start":{"line":87,"column":6},"end":{"line":87,"column":null}},"36":{"start":{"line":89,"column":16},"end":{"line":89,"column":45}},"37":{"start":{"line":90,"column":4},"end":{"line":90,"column":null}},"38":{"start":{"line":91,"column":4},"end":{"line":91,"column":null}},"39":{"start":{"line":94,"column":2},"end":{"line":94,"column":null}}},"fnMap":{"0":{"name":"parseRGBA","decl":{"start":{"line":6,"column":9},"end":{"line":6,"column":19}},"loc":{"start":{"line":6,"column":75},"end":{"line":14,"column":null}},"line":6},"1":{"name":"linearize","decl":{"start":{"line":18,"column":9},"end":{"line":18,"column":19}},"loc":{"start":{"line":18,"column":44},"end":{"line":20,"column":null}},"line":18},"2":{"name":"relativeLuminance","decl":{"start":{"line":24,"column":9},"end":{"line":24,"column":27}},"loc":{"start":{"line":24,"column":68},"end":{"line":25,"column":null}},"line":24},"3":{"name":"getEffectiveBgColor","decl":{"start":{"line":33,"column":9},"end":{"line":33,"column":29}},"loc":{"start":{"line":33,"column":72},"end":{"line":40,"column":null}},"line":33},"4":{"name":"getContrastRatio","decl":{"start":{"line":47,"column":16},"end":{"line":47,"column":33}},"loc":{"start":{"line":47,"column":58},"end":{"line":57,"column":null}},"line":47},"5":{"name":"getElementInfo","decl":{"start":{"line":62,"column":16},"end":{"line":62,"column":31}},"loc":{"start":{"line":62,"column":61},"end":{"line":73,"column":null}},"line":62},"6":{"name":"getXPath","decl":{"start":{"line":76,"column":16},"end":{"line":76,"column":25}},"loc":{"start":{"line":76,"column":50},"end":{"line":94,"column":null}},"line":76}},"branchMap":{"0":{"loc":{"start":{"line":8,"column":2},"end":{"line":8,"column":null}},"type":"if","locations":[{"start":{"line":8,"column":2},"end":{"line":8,"column":null}},{"start":{},"end":{}}],"line":8},"1":{"loc":{"start":{"line":13,"column":4},"end":{"line":13,"column":null}},"type":"cond-expr","locations":[{"start":{"line":13,"column":25},"end":{"line":13,"column":41}},{"start":{"line":13,"column":44},"end":{"line":13,"column":null}}],"line":13},"2":{"loc":{"start":{"line":20,"column":9},"end":{"line":20,"column":70}},"type":"cond-expr","locations":[{"start":{"line":20,"column":24},"end":{"line":20,"column":36}},{"start":{"line":20,"column":36},"end":{"line":20,"column":70}}],"line":20},"3":{"loc":{"start":{"line":37,"column":4},"end":{"line":37,"column":null}},"type":"if","locations":[{"start":{"line":37,"column":4},"end":{"line":37,"column":null}},{"start":{},"end":{}}],"line":37},"4":{"loc":{"start":{"line":37,"column":8},"end":{"line":37,"column":29}},"type":"binary-expr","locations":[{"start":{"line":37,"column":8},"end":{"line":37,"column":16}},{"start":{"line":37,"column":16},"end":{"line":37,"column":29}}],"line":37},"5":{"loc":{"start":{"line":49,"column":2},"end":{"line":49,"column":null}},"type":"if","locations":[{"start":{"line":49,"column":2},"end":{"line":49,"column":null}},{"start":{},"end":{}}],"line":49},"6":{"loc":{"start":{"line":77,"column":2},"end":{"line":77,"column":null}},"type":"if","locations":[{"start":{"line":77,"column":2},"end":{"line":77,"column":null}},{"start":{},"end":{}}],"line":77},"7":{"loc":{"start":{"line":82,"column":9},"end":{"line":82,"column":60}},"type":"binary-expr","locations":[{"start":{"line":82,"column":9},"end":{"line":82,"column":20}},{"start":{"line":82,"column":20},"end":{"line":82,"column":60}}],"line":82},"8":{"loc":{"start":{"line":86,"column":6},"end":{"line":86,"column":null}},"type":"if","locations":[{"start":{"line":86,"column":6},"end":{"line":86,"column":null}},{"start":{},"end":{}}],"line":86},"9":{"loc":{"start":{"line":90,"column":18},"end":{"line":90,"column":55}},"type":"cond-expr","locations":[{"start":{"line":90,"column":30},"end":{"line":90,"column":51}},{"start":{"line":90,"column":51},"end":{"line":90,"column":55}}],"line":90}},"s":{"0":30,"1":30,"2":0,"3":30,"4":36,"5":36,"6":12,"7":6,"8":6,"9":24,"10":24,"11":0,"12":24,"13":6,"14":6,"15":6,"16":0,"17":6,"18":6,"19":6,"20":6,"21":6,"22":6,"23":63,"24":63,"25":63,"26":2,"27":61,"28":61,"29":61,"30":196,"31":196,"32":196,"33":66,"34":4,"35":66,"36":196,"37":196,"38":196,"39":61},"f":{"0":30,"1":36,"2":12,"3":6,"4":6,"5":63,"6":63},"b":{"0":[0,30],"1":[24,6],"2":[18,18],"3":[0,24],"4":[24,24],"5":[0,6],"6":[2,61],"7":[61,196],"8":[4,62],"9":[4,192]},"meta":{"lastBranch":10,"lastFunction":7,"lastStatement":40,"seen":{"f:6:9:6:19":0,"s:7:12:7:91":0,"b:8:2:8:Infinity:undefined:undefined:undefined:undefined":0,"s:8:2:8:Infinity":1,"s:8:10:8:Infinity":2,"s:9:2:14:Infinity":3,"b:13:25:13:41:13:44:13:Infinity":1,"f:18:9:18:19":1,"s:19:12:19:Infinity":4,"s:20:2:20:Infinity":5,"b:20:24:20:36:20:36:20:70":2,"f:24:9:24:27":2,"s:25:2:25:Infinity":6,"f:33:9:33:29":3,"s:34:36:34:Infinity":7,"s:35:2:38:Infinity":8,"s:36:17:36:69":9,"b:37:4:37:Infinity:undefined:undefined:undefined:undefined":3,"s:37:4:37:Infinity":10,"b:37:8:37:16:37:16:37:29":4,"s:37:29:37:Infinity":11,"s:38:4:38:Infinity":12,"s:40:2:40:Infinity":13,"f:47:16:47:33":4,"s:48:19:48:56":14,"b:49:2:49:Infinity:undefined:undefined:undefined:undefined":5,"s:49:2:49:Infinity":15,"s:49:17:49:Infinity":16,"s:51:26:51:49":17,"s:52:17:52:73":18,"s:53:17:53:49":19,"s:55:18:55:40":20,"s:56:18:56:40":21,"s:57:2:57:Infinity":22,"f:62:16:62:31":5,"s:63:15:63:41":23,"s:64:2:73:Infinity":24,"f:76:16:76:25":6,"b:77:2:77:Infinity:undefined:undefined:undefined:undefined":6,"s:77:2:77:Infinity":25,"s:77:13:77:Infinity":26,"s:79:26:79:28":27,"s:80:36:80:Infinity":28,"s:82:2:91:Infinity":29,"b:82:9:82:20:82:20:82:60":7,"s:83:16:83:Infinity":30,"s:84:18:84:Infinity":31,"s:85:4:87:Infinity":32,"b:86:6:86:Infinity:undefined:undefined:undefined:undefined":8,"s:86:6:86:Infinity":33,"s:86:47:86:Infinity":34,"s:87:6:87:Infinity":35,"s:89:16:89:45":36,"s:90:4:90:Infinity":37,"b:90:30:90:51:90:51:90:55":9,"s:91:4:91:Infinity":38,"s:94:2:94:Infinity":39}}}
,"E:\\darkscanner\\src\\utils\\id.ts": {"path":"E:\\darkscanner\\src\\utils\\id.ts","statementMap":{"0":{"start":{"line":2,"column":2},"end":{"line":2,"column":null}}},"fnMap":{"0":{"name":"generateId","decl":{"start":{"line":1,"column":16},"end":{"line":1,"column":37}},"loc":{"start":{"line":1,"column":37},"end":{"line":2,"column":null}},"line":1}},"branchMap":{},"s":{"0":76},"f":{"0":76},"b":{},"meta":{"lastBranch":0,"lastFunction":1,"lastStatement":1,"seen":{"f:1:16:1:37":0,"s:2:2:2:Infinity":0}}}
}
